<?xml version="1.0" encoding="UTF-8"?>
<testsuite xmlns:xsi="http://www.w3.org/2001/XMLSchema-instance" xsi:noNamespaceSchemaLocation="https://maven.apache.org/surefire/maven-surefire-plugin/xsd/surefire-test-report-3.0.xsd" version="3.0" name="com.sample.wallet.WalletServiceTests" time="27.15" tests="6" errors="0" skipped="0" failures="0">
  <properties>
[...]
</properties>
  <testcase name="testAddMoney_ZeroAmount" classname="com.sample.wallet.WalletServiceTests" time="0.203">
    <system-out><![CDATA[11:58:03.883 [main] INFO org.springframework.test.context.support.AnnotationConfigContextLoaderUtils -- Could not detect default configuration classes for test class [com.sample.wallet.WalletServiceTests]: WalletServiceTests does not declare any static, non-private, non-final, nested classes annotated with @Configuration.
11:58:04.663 [main] INFO org.springframework.boot.test.context.SpringBootTestContextBootstrapper -- Found @SpringBootConfiguration com.sample.wallet.WalletApplication for test class com.sample.wallet.WalletServiceTests
  .   ____          _            __ _ _
 /\\ / ___'_ __ _ _(_)_ __  __ _ \ \ \ \
( ( )\___ | '_ | '_| | '_ \/ _` | \ \ \ \
 \\/  ___)| |_)| | | | | || (_| |  ) ) ) )
  '  |____| .__|_| |_|_| |_\__, | / / / /
 =========|_|==============|___/=/_/_/_/

 :: Spring Boot ::                (v3.3.0)

2024-06-15T11:58:05.967+03:30  INFO 2484 --- [wallet] [           main] com.sample.wallet.WalletServiceTests     : Starting WalletServiceTests using Java 21 with PID 2484 (started by Morteza in C:\Users\Morteza\IdeaProjects\wallet)
2024-06-15T11:58:05.970+03:30 DEBUG 2484 --- [wallet] [           main] com.sample.wallet.WalletServiceTests     : Running with Spring Boot v3.3.0, Spring v6.1.8
2024-06-15T11:58:05.973+03:30  INFO 2484 --- [wallet] [           main] com.sample.wallet.WalletServiceTests     : No active profile set, falling back to 1 default profile: "default"
2024-06-15T11:58:05.977+03:30 DEBUG 2484 --- [wallet] [           main] o.s.boot.SpringApplication               : Loading source class com.sample.wallet.WalletApplication
2024-06-15T11:58:06.129+03:30 DEBUG 2484 --- [wallet] [           main] o.s.w.c.s.GenericWebApplicationContext   : Refreshing org.springframework.web.context.support.GenericWebApplicationContext@50b8ae8d
2024-06-15T11:58:06.186+03:30 DEBUG 2484 --- [wallet] [           main] o.s.b.f.s.DefaultListableBeanFactory     : Creating shared instance of singleton bean 'org.springframework.context.annotation.internalConfigurationAnnotationProcessor'
2024-06-15T11:58:06.247+03:30 DEBUG 2484 --- [wallet] [           main] o.s.b.f.s.DefaultListableBeanFactory     : Creating shared instance of singleton bean 'org.springframework.boot.autoconfigure.internalCachingMetadataReaderFactory'
2024-06-15T11:58:06.427+03:30 DEBUG 2484 --- [wallet] [           main] o.s.c.a.ClassPathBeanDefinitionScanner   : Identified candidate component class: file [C:\Users\Morteza\IdeaProjects\wallet\target\classes\com\sample\wallet\aspect\LoggingAspect.class]
2024-06-15T11:58:06.441+03:30 DEBUG 2484 --- [wallet] [           main] o.s.c.a.ClassPathBeanDefinitionScanner   : Identified candidate component class: file [C:\Users\Morteza\IdeaProjects\wallet\target\classes\com\sample\wallet\business\WalletService.class]
2024-06-15T11:58:06.475+03:30 DEBUG 2484 --- [wallet] [           main] o.s.c.a.ClassPathBeanDefinitionScanner   : Identified candidate component class: file [C:\Users\Morteza\IdeaProjects\wallet\target\classes\com\sample\wallet\controller\WalletController.class]
2024-06-15T11:58:06.500+03:30 DEBUG 2484 --- [wallet] [           main] o.s.c.a.ClassPathBeanDefinitionScanner   : Ignored because not a concrete top-level class: file [C:\Users\Morteza\IdeaProjects\wallet\target\classes\com\sample\wallet\repository\TransactionRepository.class]
2024-06-15T11:58:06.507+03:30 DEBUG 2484 --- [wallet] [           main] o.s.c.a.ClassPathBeanDefinitionScanner   : Ignored because not a concrete top-level class: file [C:\Users\Morteza\IdeaProjects\wallet\target\classes\com\sample\wallet\repository\WalletRepository.class]
2024-06-15T11:58:06.512+03:30 DEBUG 2484 --- [wallet] [           main] o.s.c.a.ClassPathBeanDefinitionScanner   : Identified candidate component class: file [C:\Users\Morteza\IdeaProjects\wallet\target\classes\com\sample\wallet\scheduler\TransactionTotalScheduler.class]
2024-06-15T11:58:08.189+03:30  INFO 2484 --- [wallet] [           main] .s.d.r.c.RepositoryConfigurationDelegate : Bootstrapping Spring Data JPA repositories in DEFAULT mode.
2024-06-15T11:58:08.227+03:30 DEBUG 2484 --- [wallet] [           main] o.s.b.f.s.DefaultListableBeanFactory     : Creating shared instance of singleton bean 'org.springframework.boot.autoconfigure.AutoConfigurationPackages'
2024-06-15T11:58:08.248+03:30 DEBUG 2484 --- [wallet] [           main] o.s.b.a.AutoConfigurationPackages        : @EnableAutoConfiguration was declared on a class in the package 'com.sample.wallet'. Automatic @Repository and @Entity scanning is enabled.
2024-06-15T11:58:08.252+03:30 DEBUG 2484 --- [wallet] [           main] .s.d.r.c.RepositoryConfigurationDelegate : Scanning for JPA repositories in packages com.sample.wallet.
2024-06-15T11:58:08.290+03:30 DEBUG 2484 --- [wallet] [           main] o.s.d.r.c.RepositoryComponentProvider    : Identified candidate component class: file [C:\Users\Morteza\IdeaProjects\wallet\target\classes\com\sample\wallet\repository\TransactionRepository.class]
2024-06-15T11:58:08.291+03:30 DEBUG 2484 --- [wallet] [           main] o.s.d.r.c.RepositoryComponentProvider    : Identified candidate component class: file [C:\Users\Morteza\IdeaProjects\wallet\target\classes\com\sample\wallet\repository\WalletRepository.class]
2024-06-15T11:58:08.423+03:30  INFO 2484 --- [wallet] [           main] .s.d.r.c.RepositoryConfigurationDelegate : Finished Spring Data repository scanning in 166 ms. Found 2 JPA repository interfaces.
2024-06-15T11:58:08.985+03:30 DEBUG 2484 --- [wallet] [           main] o.s.b.f.s.DefaultListableBeanFactory     : Creating shared instance of singleton bean 'propertySourcesPlaceholderConfigurer'
2024-06-15T11:58:08.995+03:30 DEBUG 2484 --- [wallet] [           main] o.s.b.f.s.DefaultListableBeanFactory     : Creating shared instance of singleton bean 'org.springframework.boot.test.mock.mockito.MockitoPostProcessor'
2024-06-15T11:58:08.999+03:30 DEBUG 2484 --- [wallet] [           main] o.s.b.f.s.DefaultListableBeanFactory     : Creating shared instance of singleton bean 'emBeanDefinitionRegistrarPostProcessor'
2024-06-15T11:58:09.000+03:30 DEBUG 2484 --- [wallet] [           main] o.s.b.f.s.DefaultListableBeanFactory     : Creating shared instance of singleton bean 'org.springframework.boot.sql.init.dependency.DatabaseInitializationDependencyConfigurer$DependsOnDatabaseInitializationPostProcessor'
2024-06-15T11:58:09.170+03:30 DEBUG 2484 --- [wallet] [           main] o.s.b.f.s.DefaultListableBeanFactory     : Creating shared instance of singleton bean 'org.springframework.context.event.internalEventListenerProcessor'
2024-06-15T11:58:09.173+03:30 DEBUG 2484 --- [wallet] [           main] o.s.b.f.s.DefaultListableBeanFactory     : Creating shared instance of singleton bean 'preserveErrorControllerTargetClassPostProcessor'
2024-06-15T11:58:09.175+03:30 DEBUG 2484 --- [wallet] [           main] o.s.b.f.s.DefaultListableBeanFactory     : Creating shared instance of singleton bean 'org.springframework.context.event.internalEventListenerFactory'
2024-06-15T11:58:09.176+03:30 DEBUG 2484 --- [wallet] [           main] o.s.b.f.s.DefaultListableBeanFactory     : Creating shared instance of singleton bean 'org.springframework.transaction.config.internalTransactionalEventListenerFactory'
2024-06-15T11:58:09.185+03:30 DEBUG 2484 --- [wallet] [           main] o.s.b.f.s.DefaultListableBeanFactory     : Creating shared instance of singleton bean 'org.springframework.boot.test.mock.mockito.MockitoPostProcessor$SpyPostProcessor'
2024-06-15T11:58:09.188+03:30 DEBUG 2484 --- [wallet] [           main] o.s.b.f.s.DefaultListableBeanFactory     : Creating shared instance of singleton bean 'org.springframework.context.annotation.internalAutowiredAnnotationProcessor'
2024-06-15T11:58:09.193+03:30 DEBUG 2484 --- [wallet] [           main] o.s.b.f.s.DefaultListableBeanFactory     : Creating shared instance of singleton bean 'org.springframework.context.annotation.internalCommonAnnotationProcessor'
2024-06-15T11:58:09.201+03:30 DEBUG 2484 --- [wallet] [           main] o.s.b.f.s.DefaultListableBeanFactory     : Creating shared instance of singleton bean 'org.springframework.context.annotation.internalPersistenceAnnotationProcessor'
2024-06-15T11:58:09.203+03:30 DEBUG 2484 --- [wallet] [           main] o.s.b.f.s.DefaultListableBeanFactory     : Creating shared instance of singleton bean 'org.springframework.boot.context.properties.ConfigurationPropertiesBindingPostProcessor'
2024-06-15T11:58:09.204+03:30 DEBUG 2484 --- [wallet] [           main] o.s.b.f.s.DefaultListableBeanFactory     : Creating shared instance of singleton bean 'org.springframework.boot.context.internalConfigurationPropertiesBinder'
2024-06-15T11:58:09.209+03:30 DEBUG 2484 --- [wallet] [           main] o.s.b.f.s.DefaultListableBeanFactory     : Creating shared instance of singleton bean 'jdbcConnectionDetailsHikariBeanPostProcessor'
2024-06-15T11:58:09.218+03:30 DEBUG 2484 --- [wallet] [           main] o.s.b.f.s.DefaultListableBeanFactory     : Creating shared instance of singleton bean 'org.springframework.aop.config.internalAutoProxyCreator'
2024-06-15T11:58:09.290+03:30 DEBUG 2484 --- [wallet] [           main] o.s.b.f.s.DefaultListableBeanFactory     : Creating shared instance of singleton bean 'persistenceExceptionTranslationPostProcessor'
2024-06-15T11:58:09.325+03:30 DEBUG 2484 --- [wallet] [           main] o.s.b.f.s.DefaultListableBeanFactory     : Autowiring by type from bean name 'persistenceExceptionTranslationPostProcessor' via factory method to bean named 'environment'
2024-06-15T11:58:09.335+03:30 DEBUG 2484 --- [wallet] [           main] o.s.b.f.s.DefaultListableBeanFactory     : Creating shared instance of singleton bean 'webServerFactoryCustomizerBeanPostProcessor'
2024-06-15T11:58:09.337+03:30 DEBUG 2484 --- [wallet] [           main] o.s.b.f.s.DefaultListableBeanFactory     : Creating shared instance of singleton bean 'errorPageRegistrarBeanPostProcessor'
2024-06-15T11:58:09.338+03:30 DEBUG 2484 --- [wallet] [           main] o.s.b.f.s.DefaultListableBeanFactory     : Creating shared instance of singleton bean 'projectingArgumentResolverBeanPostProcessor'
2024-06-15T11:58:09.340+03:30 DEBUG 2484 --- [wallet] [           main] o.s.b.f.s.DefaultListableBeanFactory     : Creating shared instance of singleton bean 'org.springframework.transaction.config.internalTransactionAdvisor'
2024-06-15T11:58:09.341+03:30 DEBUG 2484 --- [wallet] [           main] o.s.b.f.s.DefaultListableBeanFactory     : Creating shared instance of singleton bean 'org.springframework.transaction.annotation.ProxyTransactionManagementConfiguration'
2024-06-15T11:58:09.388+03:30 DEBUG 2484 --- [wallet] [           main] .s.a.a.a.ReflectiveAspectJAdvisorFactory : Found AspectJ method: public void com.sample.wallet.aspect.LoggingAspect.logRequestInfo(org.aspectj.lang.JoinPoint)
2024-06-15T11:58:09.392+03:30 DEBUG 2484 --- [wallet] [           main] .s.a.a.a.ReflectiveAspectJAdvisorFactory : Found AspectJ method: public void com.sample.wallet.aspect.LoggingAspect.logResponseInfo(org.aspectj.lang.JoinPoint,org.springframework.http.ResponseEntity)
2024-06-15T11:58:09.679+03:30 DEBUG 2484 --- [wallet] [           main] o.s.b.f.s.DefaultListableBeanFactory     : Creating shared instance of singleton bean 'transactionAttributeSource'
2024-06-15T11:58:09.722+03:30 DEBUG 2484 --- [wallet] [           main] o.s.b.f.s.DefaultListableBeanFactory     : Creating shared instance of singleton bean 'transactionInterceptor'
2024-06-15T11:58:09.723+03:30 DEBUG 2484 --- [wallet] [           main] o.s.b.f.s.DefaultListableBeanFactory     : Autowiring by type from bean name 'transactionInterceptor' via factory method to bean named 'transactionAttributeSource'
2024-06-15T11:58:09.736+03:30 DEBUG 2484 --- [wallet] [           main] o.s.b.f.s.DefaultListableBeanFactory     : Autowiring by type from bean name 'org.springframework.transaction.config.internalTransactionAdvisor' via factory method to bean named 'transactionAttributeSource'
2024-06-15T11:58:09.736+03:30 DEBUG 2484 --- [wallet] [           main] o.s.b.f.s.DefaultListableBeanFactory     : Autowiring by type from bean name 'org.springframework.transaction.config.internalTransactionAdvisor' via factory method to bean named 'transactionInterceptor'
2024-06-15T11:58:09.808+03:30 DEBUG 2484 --- [wallet] [           main] o.s.u.c.s.UiApplicationContextUtils      : Unable to locate ThemeSource with name 'themeSource': using default [org.springframework.ui.context.support.ResourceBundleThemeSource@3610f277]
2024-06-15T11:58:09.812+03:30 DEBUG 2484 --- [wallet] [           main] o.s.b.f.s.DefaultListableBeanFactory     : Creating shared instance of singleton bean 'dataSourceScriptDatabaseInitializer'
2024-06-15T11:58:09.813+03:30 DEBUG 2484 --- [wallet] [           main] o.s.b.f.s.DefaultListableBeanFactory     : Creating shared instance of singleton bean 'org.springframework.boot.autoconfigure.sql.init.DataSourceInitializationConfiguration'
2024-06-15T11:58:09.819+03:30 DEBUG 2484 --- [wallet] [           main] o.s.b.f.s.DefaultListableBeanFactory     : Creating shared instance of singleton bean 'dataSource'
2024-06-15T11:58:09.820+03:30 DEBUG 2484 --- [wallet] [           main] o.s.b.f.s.DefaultListableBeanFactory     : Creating shared instance of singleton bean 'org.springframework.boot.autoconfigure.jdbc.DataSourceConfiguration$Hikari'
2024-06-15T11:58:09.827+03:30 DEBUG 2484 --- [wallet] [           main] o.s.b.f.s.DefaultListableBeanFactory     : Creating shared instance of singleton bean 'spring.datasource-org.springframework.boot.autoconfigure.jdbc.DataSourceProperties'
2024-06-15T11:58:09.831+03:30 DEBUG 2484 --- [wallet] [           main] o.s.b.f.s.DefaultListableBeanFactory     : Creating shared instance of singleton bean 'org.springframework.boot.context.properties.BoundConfigurationProperties'
2024-06-15T11:58:09.960+03:30 DEBUG 2484 --- [wallet] [           main] o.s.b.f.s.DefaultListableBeanFactory     : Creating shared instance of singleton bean 'jdbcConnectionDetails'
2024-06-15T11:58:09.961+03:30 DEBUG 2484 --- [wallet] [           main] o.s.b.f.s.DefaultListableBeanFactory     : Creating shared instance of singleton bean 'org.springframework.boot.autoconfigure.jdbc.DataSourceAutoConfiguration$PooledDataSourceConfiguration'
2024-06-15T11:58:09.966+03:30 DEBUG 2484 --- [wallet] [           main] o.s.b.f.s.DefaultListableBeanFactory     : Autowiring by type from bean name 'jdbcConnectionDetails' via factory method to bean named 'spring.datasource-org.springframework.boot.autoconfigure.jdbc.DataSourceProperties'
2024-06-15T11:58:09.977+03:30 DEBUG 2484 --- [wallet] [           main] o.s.b.f.s.DefaultListableBeanFactory     : Autowiring by type from bean name 'dataSource' via factory method to bean named 'spring.datasource-org.springframework.boot.autoconfigure.jdbc.DataSourceProperties'
2024-06-15T11:58:09.977+03:30 DEBUG 2484 --- [wallet] [           main] o.s.b.f.s.DefaultListableBeanFactory     : Autowiring by type from bean name 'dataSource' via factory method to bean named 'jdbcConnectionDetails'
2024-06-15T11:58:09.986+03:30 DEBUG 2484 --- [wallet] [           main] com.zaxxer.hikari.HikariConfig           : Driver class org.h2.Driver found in Thread context class loader jdk.internal.loader.ClassLoaders$AppClassLoader@70dea4e
2024-06-15T11:58:10.123+03:30 DEBUG 2484 --- [wallet] [           main] o.s.b.f.s.DefaultListableBeanFactory     : Creating shared instance of singleton bean 'spring.sql.init-org.springframework.boot.autoconfigure.sql.init.SqlInitializationProperties'
2024-06-15T11:58:10.137+03:30 DEBUG 2484 --- [wallet] [           main] o.s.b.f.s.DefaultListableBeanFactory     : Autowiring by type from bean name 'dataSourceScriptDatabaseInitializer' via factory method to bean named 'dataSource'
2024-06-15T11:58:10.138+03:30 DEBUG 2484 --- [wallet] [           main] o.s.b.f.s.DefaultListableBeanFactory     : Autowiring by type from bean name 'dataSourceScriptDatabaseInitializer' via factory method to bean named 'spring.sql.init-org.springframework.boot.autoconfigure.sql.init.SqlInitializationProperties'
2024-06-15T11:58:10.166+03:30 DEBUG 2484 --- [wallet] [           main] o.s.b.f.s.DefaultListableBeanFactory     : Creating shared instance of singleton bean 'entityManagerFactory'
2024-06-15T11:58:10.167+03:30 DEBUG 2484 --- [wallet] [           main] o.s.b.f.s.DefaultListableBeanFactory     : Creating shared instance of singleton bean 'org.springframework.boot.autoconfigure.orm.jpa.HibernateJpaConfiguration'
2024-06-15T11:58:10.171+03:30 DEBUG 2484 --- [wallet] [           main] o.s.b.f.s.DefaultListableBeanFactory     : Creating shared instance of singleton bean 'spring.jpa-org.springframework.boot.autoconfigure.orm.jpa.JpaProperties'
2024-06-15T11:58:10.188+03:30 DEBUG 2484 --- [wallet] [           main] o.s.b.f.s.DefaultListableBeanFactory     : Creating shared instance of singleton bean 'spring.jpa.hibernate-org.springframework.boot.autoconfigure.orm.jpa.HibernateProperties'
2024-06-15T11:58:10.198+03:30 DEBUG 2484 --- [wallet] [           main] o.s.b.f.s.DefaultListableBeanFactory     : Autowiring by type from bean name 'org.springframework.boot.autoconfigure.orm.jpa.HibernateJpaConfiguration' via constructor to bean named 'dataSource'
2024-06-15T11:58:10.198+03:30 DEBUG 2484 --- [wallet] [           main] o.s.b.f.s.DefaultListableBeanFactory     : Autowiring by type from bean name 'org.springframework.boot.autoconfigure.orm.jpa.HibernateJpaConfiguration' via constructor to bean named 'spring.jpa-org.springframework.boot.autoconfigure.orm.jpa.JpaProperties'
2024-06-15T11:58:10.198+03:30 DEBUG 2484 --- [wallet] [           main] o.s.b.f.s.DefaultListableBeanFactory     : Autowiring by type from bean name 'org.springframework.boot.autoconfigure.orm.jpa.HibernateJpaConfiguration' via constructor to bean named 'org.springframework.beans.factory.support.DefaultListableBeanFactory@5d28bcd5'
2024-06-15T11:58:10.198+03:30 DEBUG 2484 --- [wallet] [           main] o.s.b.f.s.DefaultListableBeanFactory     : Autowiring by type from bean name 'org.springframework.boot.autoconfigure.orm.jpa.HibernateJpaConfiguration' via constructor to bean named 'spring.jpa.hibernate-org.springframework.boot.autoconfigure.orm.jpa.HibernateProperties'
2024-06-15T11:58:10.209+03:30 DEBUG 2484 --- [wallet] [           main] o.s.b.f.s.DefaultListableBeanFactory     : Creating shared instance of singleton bean 'hikariPoolDataSourceMetadataProvider'
2024-06-15T11:58:10.210+03:30 DEBUG 2484 --- [wallet] [           main] o.s.b.f.s.DefaultListableBeanFactory     : Creating shared instance of singleton bean 'org.springframework.boot.autoconfigure.jdbc.metadata.DataSourcePoolMetadataProvidersConfiguration$HikariPoolDataSourceMetadataProviderConfiguration'
2024-06-15T11:58:10.252+03:30 DEBUG 2484 --- [wallet] [           main] o.s.b.f.s.DefaultListableBeanFactory     : Creating shared instance of singleton bean 'entityManagerFactoryBuilder'
2024-06-15T11:58:10.255+03:30 DEBUG 2484 --- [wallet] [           main] o.s.b.f.s.DefaultListableBeanFactory     : Creating shared instance of singleton bean 'jpaVendorAdapter'
2024-06-15T11:58:10.299+03:30 DEBUG 2484 --- [wallet] [           main] org.jboss.logging                        : Logging Provider: org.jboss.logging.Slf4jLoggerProvider found via system property
2024-06-15T11:58:10.330+03:30 DEBUG 2484 --- [wallet] [           main] o.s.b.f.s.DefaultListableBeanFactory     : Autowiring by type from bean name 'entityManagerFactoryBuilder' via factory method to bean named 'jpaVendorAdapter'
2024-06-15T11:58:10.354+03:30 DEBUG 2484 --- [wallet] [           main] o.s.b.f.s.DefaultListableBeanFactory     : Creating shared instance of singleton bean 'persistenceManagedTypes'
2024-06-15T11:58:10.364+03:30 DEBUG 2484 --- [wallet] [           main] o.s.b.f.s.DefaultListableBeanFactory     : Autowiring by type from bean name 'persistenceManagedTypes' via factory method to bean named 'org.springframework.beans.factory.support.DefaultListableBeanFactory@5d28bcd5'
2024-06-15T11:58:10.365+03:30 DEBUG 2484 --- [wallet] [           main] o.s.b.f.s.DefaultListableBeanFactory     : Autowiring by type from bean name 'persistenceManagedTypes' via factory method to bean named 'org.springframework.web.context.support.GenericWebApplicationContext@50b8ae8d'
2024-06-15T11:58:10.409+03:30 DEBUG 2484 --- [wallet] [           main] o.s.b.f.s.DefaultListableBeanFactory     : Autowiring by type from bean name 'entityManagerFactory' via factory method to bean named 'entityManagerFactoryBuilder'
2024-06-15T11:58:10.410+03:30 DEBUG 2484 --- [wallet] [           main] o.s.b.f.s.DefaultListableBeanFactory     : Autowiring by type from bean name 'entityManagerFactory' via factory method to bean named 'persistenceManagedTypes'
2024-06-15T11:58:10.475+03:30 DEBUG 2484 --- [wallet] [           main] j.LocalContainerEntityManagerFactoryBean : Building JPA container EntityManagerFactory for persistence unit 'default'
2024-06-15T11:58:10.537+03:30 DEBUG 2484 --- [wallet] [           main] o.hibernate.jpa.internal.util.LogHelper  : PersistenceUnitInfo [
	name: default
	persistence provider classname: null
	classloader: jdk.internal.loader.ClassLoaders$AppClassLoader@70dea4e
	excludeUnlistedClasses: true
	JTA datasource: null
	Non JTA datasource: HikariDataSource (null)
	Transaction type: RESOURCE_LOCAL
	PU root URL: file:/C:/Users/Morteza/IdeaProjects/wallet/target/test-classes/
	Shared Cache Mode: UNSPECIFIED
	Validation Mode: AUTO
	Jar files URLs []
	Managed classes names [
		com.sample.wallet.entity.Transaction
		com.sample.wallet.entity.Wallet]
	Mapping files names []
	Properties []
2024-06-15T11:58:10.569+03:30 DEBUG 2484 --- [wallet] [           main] o.h.i.internal.IntegratorServiceImpl     : Adding Integrator [org.hibernate.boot.beanvalidation.BeanValidationIntegrator].
2024-06-15T11:58:10.574+03:30 DEBUG 2484 --- [wallet] [           main] o.h.i.internal.IntegratorServiceImpl     : Adding Integrator [org.hibernate.cache.internal.CollectionCacheInvalidator].
2024-06-15T11:58:10.736+03:30  INFO 2484 --- [wallet] [           main] org.hibernate.Version                    : HHH000412: Hibernate ORM core version 6.5.2.Final
2024-06-15T11:58:10.740+03:30 DEBUG 2484 --- [wallet] [           main] org.hibernate.cfg.Environment            : HHH000206: 'hibernate.properties' not found
2024-06-15T11:58:10.804+03:30 DEBUG 2484 --- [wallet] [           main] org.hibernate.orm.idgen.factory          : Registering IdentifierGenerator strategy [uuid2] -> [org.hibernate.id.UUIDGenerator]
2024-06-15T11:58:10.805+03:30 DEBUG 2484 --- [wallet] [           main] org.hibernate.orm.idgen.factory          : Registering IdentifierGenerator strategy [guid] -> [org.hibernate.id.GUIDGenerator]
2024-06-15T11:58:10.807+03:30 DEBUG 2484 --- [wallet] [           main] org.hibernate.orm.idgen.factory          : Registering IdentifierGenerator strategy [uuid] -> [org.hibernate.id.UUIDHexGenerator]
2024-06-15T11:58:10.808+03:30 DEBUG 2484 --- [wallet] [           main] org.hibernate.orm.idgen.factory          : Registering IdentifierGenerator strategy [uuid.hex] -> [org.hibernate.id.UUIDHexGenerator]
2024-06-15T11:58:10.809+03:30 DEBUG 2484 --- [wallet] [           main] org.hibernate.orm.idgen.factory          : Registering IdentifierGenerator strategy [assigned] -> [org.hibernate.id.Assigned]
2024-06-15T11:58:10.812+03:30 DEBUG 2484 --- [wallet] [           main] org.hibernate.orm.idgen.factory          : Registering IdentifierGenerator strategy [identity] -> [org.hibernate.id.IdentityGenerator]
2024-06-15T11:58:10.813+03:30 DEBUG 2484 --- [wallet] [           main] org.hibernate.orm.idgen.factory          : Registering IdentifierGenerator strategy [select] -> [org.hibernate.id.SelectGenerator]
2024-06-15T11:58:10.816+03:30 DEBUG 2484 --- [wallet] [           main] org.hibernate.orm.idgen.factory          : Registering IdentifierGenerator strategy [sequence] -> [org.hibernate.id.enhanced.SequenceStyleGenerator]
2024-06-15T11:58:10.818+03:30 DEBUG 2484 --- [wallet] [           main] org.hibernate.orm.idgen.factory          : Registering IdentifierGenerator strategy [increment] -> [org.hibernate.id.IncrementGenerator]
2024-06-15T11:58:10.820+03:30 DEBUG 2484 --- [wallet] [           main] org.hibernate.orm.idgen.factory          : Registering IdentifierGenerator strategy [foreign] -> [org.hibernate.id.ForeignGenerator]
2024-06-15T11:58:10.820+03:30 DEBUG 2484 --- [wallet] [           main] org.hibernate.orm.idgen.factory          : Registering IdentifierGenerator strategy [enhanced-sequence] -> [org.hibernate.id.enhanced.SequenceStyleGenerator]
2024-06-15T11:58:10.823+03:30 DEBUG 2484 --- [wallet] [           main] org.hibernate.orm.idgen.factory          : Registering IdentifierGenerator strategy [enhanced-table] -> [org.hibernate.id.enhanced.TableGenerator]
2024-06-15T11:58:10.849+03:30 DEBUG 2484 --- [wallet] [           main] o.h.c.internal.RegionFactoryInitiator    : Cannot default RegionFactory based on registered strategies as `[]` RegionFactory strategies were registered
2024-06-15T11:58:10.852+03:30  INFO 2484 --- [wallet] [           main] o.h.c.internal.RegionFactoryInitiator    : HHH000026: Second-level cache disabled
2024-06-15T11:58:11.161+03:30 DEBUG 2484 --- [wallet] [           main] org.hibernate.type.BasicTypeRegistry     : Adding type registration boolean -> org.hibernate.type.BasicTypeReference@f5bf288
2024-06-15T11:58:11.161+03:30 DEBUG 2484 --- [wallet] [           main] org.hibernate.type.BasicTypeRegistry     : Adding type registration boolean -> org.hibernate.type.BasicTypeReference@f5bf288
2024-06-15T11:58:11.161+03:30 DEBUG 2484 --- [wallet] [           main] org.hibernate.type.BasicTypeRegistry     : Adding type registration java.lang.Boolean -> org.hibernate.type.BasicTypeReference@f5bf288
2024-06-15T11:58:11.161+03:30 DEBUG 2484 --- [wallet] [           main] org.hibernate.type.BasicTypeRegistry     : Adding type registration numeric_boolean -> org.hibernate.type.BasicTypeReference@2c1d57bc
2024-06-15T11:58:11.162+03:30 DEBUG 2484 --- [wallet] [           main] org.hibernate.type.BasicTypeRegistry     : Adding type registration org.hibernate.type.NumericBooleanConverter -> org.hibernate.type.BasicTypeReference@2c1d57bc
2024-06-15T11:58:11.162+03:30 DEBUG 2484 --- [wallet] [           main] org.hibernate.type.BasicTypeRegistry     : Adding type registration true_false -> org.hibernate.type.BasicTypeReference@26c77f54
2024-06-15T11:58:11.162+03:30 DEBUG 2484 --- [wallet] [           main] org.hibernate.type.BasicTypeRegistry     : Adding type registration org.hibernate.type.TrueFalseConverter -> org.hibernate.type.BasicTypeReference@26c77f54
2024-06-15T11:58:11.162+03:30 DEBUG 2484 --- [wallet] [           main] org.hibernate.type.BasicTypeRegistry     : Adding type registration yes_no -> org.hibernate.type.BasicTypeReference@3e856100
2024-06-15T11:58:11.162+03:30 DEBUG 2484 --- [wallet] [           main] org.hibernate.type.BasicTypeRegistry     : Adding type registration org.hibernate.type.YesNoConverter -> org.hibernate.type.BasicTypeReference@3e856100
2024-06-15T11:58:11.163+03:30 DEBUG 2484 --- [wallet] [           main] org.hibernate.type.BasicTypeRegistry     : Adding type registration byte -> org.hibernate.type.BasicTypeReference@6e9a0bea
2024-06-15T11:58:11.163+03:30 DEBUG 2484 --- [wallet] [           main] org.hibernate.type.BasicTypeRegistry     : Adding type registration byte -> org.hibernate.type.BasicTypeReference@6e9a0bea
2024-06-15T11:58:11.163+03:30 DEBUG 2484 --- [wallet] [           main] org.hibernate.type.BasicTypeRegistry     : Adding type registration java.lang.Byte -> org.hibernate.type.BasicTypeReference@6e9a0bea
2024-06-15T11:58:11.163+03:30 DEBUG 2484 --- [wallet] [           main] org.hibernate.type.BasicTypeRegistry     : Adding type registration binary -> org.hibernate.type.BasicTypeReference@28fc1132
2024-06-15T11:58:11.164+03:30 DEBUG 2484 --- [wallet] [           main] org.hibernate.type.BasicTypeRegistry     : Adding type registration byte[] -> org.hibernate.type.BasicTypeReference@28fc1132
2024-06-15T11:58:11.164+03:30 DEBUG 2484 --- [wallet] [           main] org.hibernate.type.BasicTypeRegistry     : Adding type registration [B -> org.hibernate.type.BasicTypeReference@28fc1132
2024-06-15T11:58:11.164+03:30 DEBUG 2484 --- [wallet] [           main] org.hibernate.type.BasicTypeRegistry     : Adding type registration binary_wrapper -> org.hibernate.type.BasicTypeReference@355ce6a6
2024-06-15T11:58:11.164+03:30 DEBUG 2484 --- [wallet] [           main] org.hibernate.type.BasicTypeRegistry     : Adding type registration wrapper-binary -> org.hibernate.type.BasicTypeReference@355ce6a6
2024-06-15T11:58:11.164+03:30 DEBUG 2484 --- [wallet] [           main] org.hibernate.type.BasicTypeRegistry     : Adding type registration image -> org.hibernate.type.BasicTypeReference@20440c6c
2024-06-15T11:58:11.164+03:30 DEBUG 2484 --- [wallet] [           main] org.hibernate.type.BasicTypeRegistry     : Adding type registration blob -> org.hibernate.type.BasicTypeReference@1e3f86d5
2024-06-15T11:58:11.165+03:30 DEBUG 2484 --- [wallet] [           main] org.hibernate.type.BasicTypeRegistry     : Adding type registration java.sql.Blob -> org.hibernate.type.BasicTypeReference@1e3f86d5
2024-06-15T11:58:11.165+03:30 DEBUG 2484 --- [wallet] [           main] org.hibernate.type.BasicTypeRegistry     : Adding type registration materialized_blob -> org.hibernate.type.BasicTypeReference@560271a1
2024-06-15T11:58:11.165+03:30 DEBUG 2484 --- [wallet] [           main] org.hibernate.type.BasicTypeRegistry     : Adding type registration materialized_blob_wrapper -> org.hibernate.type.BasicTypeReference@4b9c411
2024-06-15T11:58:11.165+03:30 DEBUG 2484 --- [wallet] [           main] org.hibernate.type.BasicTypeRegistry     : Adding type registration short -> org.hibernate.type.BasicTypeReference@41e9f86
2024-06-15T11:58:11.165+03:30 DEBUG 2484 --- [wallet] [           main] org.hibernate.type.BasicTypeRegistry     : Adding type registration short -> org.hibernate.type.BasicTypeReference@41e9f86
2024-06-15T11:58:11.165+03:30 DEBUG 2484 --- [wallet] [           main] org.hibernate.type.BasicTypeRegistry     : Adding type registration java.lang.Short -> org.hibernate.type.BasicTypeReference@41e9f86
2024-06-15T11:58:11.165+03:30 DEBUG 2484 --- [wallet] [           main] org.hibernate.type.BasicTypeRegistry     : Adding type registration integer -> org.hibernate.type.BasicTypeReference@66f5b8fe
2024-06-15T11:58:11.166+03:30 DEBUG 2484 --- [wallet] [           main] org.hibernate.type.BasicTypeRegistry     : Adding type registration int -> org.hibernate.type.BasicTypeReference@66f5b8fe
2024-06-15T11:58:11.166+03:30 DEBUG 2484 --- [wallet] [           main] org.hibernate.type.BasicTypeRegistry     : Adding type registration java.lang.Integer -> org.hibernate.type.BasicTypeReference@66f5b8fe
2024-06-15T11:58:11.166+03:30 DEBUG 2484 --- [wallet] [           main] org.hibernate.type.BasicTypeRegistry     : Adding type registration long -> org.hibernate.type.BasicTypeReference@233f52f8
2024-06-15T11:58:11.166+03:30 DEBUG 2484 --- [wallet] [           main] org.hibernate.type.BasicTypeRegistry     : Adding type registration long -> org.hibernate.type.BasicTypeReference@233f52f8
2024-06-15T11:58:11.166+03:30 DEBUG 2484 --- [wallet] [           main] org.hibernate.type.BasicTypeRegistry     : Adding type registration java.lang.Long -> org.hibernate.type.BasicTypeReference@233f52f8
2024-06-15T11:58:11.166+03:30 DEBUG 2484 --- [wallet] [           main] org.hibernate.type.BasicTypeRegistry     : Adding type registration float -> org.hibernate.type.BasicTypeReference@69ec93c2
2024-06-15T11:58:11.166+03:30 DEBUG 2484 --- [wallet] [           main] org.hibernate.type.BasicTypeRegistry     : Adding type registration float -> org.hibernate.type.BasicTypeReference@69ec93c2
2024-06-15T11:58:11.167+03:30 DEBUG 2484 --- [wallet] [           main] org.hibernate.type.BasicTypeRegistry     : Adding type registration java.lang.Float -> org.hibernate.type.BasicTypeReference@69ec93c2
2024-06-15T11:58:11.167+03:30 DEBUG 2484 --- [wallet] [           main] org.hibernate.type.BasicTypeRegistry     : Adding type registration double -> org.hibernate.type.BasicTypeReference@19fec3d6
2024-06-15T11:58:11.167+03:30 DEBUG 2484 --- [wallet] [           main] org.hibernate.type.BasicTypeRegistry     : Adding type registration double -> org.hibernate.type.BasicTypeReference@19fec3d6
2024-06-15T11:58:11.167+03:30 DEBUG 2484 --- [wallet] [           main] org.hibernate.type.BasicTypeRegistry     : Adding type registration java.lang.Double -> org.hibernate.type.BasicTypeReference@19fec3d6
2024-06-15T11:58:11.168+03:30 DEBUG 2484 --- [wallet] [           main] org.hibernate.type.BasicTypeRegistry     : Adding type registration big_integer -> org.hibernate.type.BasicTypeReference@5287ba5f
2024-06-15T11:58:11.168+03:30 DEBUG 2484 --- [wallet] [           main] org.hibernate.type.BasicTypeRegistry     : Adding type registration java.math.BigInteger -> org.hibernate.type.BasicTypeReference@5287ba5f
2024-06-15T11:58:11.168+03:30 DEBUG 2484 --- [wallet] [           main] org.hibernate.type.BasicTypeRegistry     : Adding type registration big_decimal -> org.hibernate.type.BasicTypeReference@b768a65
2024-06-15T11:58:11.168+03:30 DEBUG 2484 --- [wallet] [           main] org.hibernate.type.BasicTypeRegistry     : Adding type registration java.math.BigDecimal -> org.hibernate.type.BasicTypeReference@b768a65
2024-06-15T11:58:11.169+03:30 DEBUG 2484 --- [wallet] [           main] org.hibernate.type.BasicTypeRegistry     : Adding type registration character -> org.hibernate.type.BasicTypeReference@6897a4a
2024-06-15T11:58:11.169+03:30 DEBUG 2484 --- [wallet] [           main] org.hibernate.type.BasicTypeRegistry     : Adding type registration char -> org.hibernate.type.BasicTypeReference@6897a4a
2024-06-15T11:58:11.172+03:30 DEBUG 2484 --- [wallet] [           main] org.hibernate.type.BasicTypeRegistry     : Adding type registration java.lang.Character -> org.hibernate.type.BasicTypeReference@6897a4a
2024-06-15T11:58:11.172+03:30 DEBUG 2484 --- [wallet] [           main] org.hibernate.type.BasicTypeRegistry     : Adding type registration character_nchar -> org.hibernate.type.BasicTypeReference@6986f93e
2024-06-15T11:58:11.173+03:30 DEBUG 2484 --- [wallet] [           main] org.hibernate.type.BasicTypeRegistry     : Adding type registration string -> org.hibernate.type.BasicTypeReference@6bce313
2024-06-15T11:58:11.174+03:30 DEBUG 2484 --- [wallet] [           main] org.hibernate.type.BasicTypeRegistry     : Adding type registration java.lang.String -> org.hibernate.type.BasicTypeReference@6bce313
2024-06-15T11:58:11.174+03:30 DEBUG 2484 --- [wallet] [           main] org.hibernate.type.BasicTypeRegistry     : Adding type registration nstring -> org.hibernate.type.BasicTypeReference@39266403
2024-06-15T11:58:11.175+03:30 DEBUG 2484 --- [wallet] [           main] org.hibernate.type.BasicTypeRegistry     : Adding type registration characters -> org.hibernate.type.BasicTypeReference@74b00247
2024-06-15T11:58:11.175+03:30 DEBUG 2484 --- [wallet] [           main] org.hibernate.type.BasicTypeRegistry     : Adding type registration char[] -> org.hibernate.type.BasicTypeReference@74b00247
2024-06-15T11:58:11.175+03:30 DEBUG 2484 --- [wallet] [           main] org.hibernate.type.BasicTypeRegistry     : Adding type registration [C -> org.hibernate.type.BasicTypeReference@74b00247
2024-06-15T11:58:11.175+03:30 DEBUG 2484 --- [wallet] [           main] org.hibernate.type.BasicTypeRegistry     : Adding type registration wrapper-characters -> org.hibernate.type.BasicTypeReference@2aa14ae6
2024-06-15T11:58:11.176+03:30 DEBUG 2484 --- [wallet] [           main] org.hibernate.type.BasicTypeRegistry     : Adding type registration text -> org.hibernate.type.BasicTypeReference@4be490da
2024-06-15T11:58:11.176+03:30 DEBUG 2484 --- [wallet] [           main] org.hibernate.type.BasicTypeRegistry     : Adding type registration ntext -> org.hibernate.type.BasicTypeReference@4168f3d9
2024-06-15T11:58:11.176+03:30 DEBUG 2484 --- [wallet] [           main] org.hibernate.type.BasicTypeRegistry     : Adding type registration clob -> org.hibernate.type.BasicTypeReference@353e6389
2024-06-15T11:58:11.176+03:30 DEBUG 2484 --- [wallet] [           main] org.hibernate.type.BasicTypeRegistry     : Adding type registration java.sql.Clob -> org.hibernate.type.BasicTypeReference@353e6389
2024-06-15T11:58:11.177+03:30 DEBUG 2484 --- [wallet] [           main] org.hibernate.type.BasicTypeRegistry     : Adding type registration nclob -> org.hibernate.type.BasicTypeReference@15e8f9b2
2024-06-15T11:58:11.177+03:30 DEBUG 2484 --- [wallet] [           main] org.hibernate.type.BasicTypeRegistry     : Adding type registration java.sql.NClob -> org.hibernate.type.BasicTypeReference@15e8f9b2
2024-06-15T11:58:11.177+03:30 DEBUG 2484 --- [wallet] [           main] org.hibernate.type.BasicTypeRegistry     : Adding type registration materialized_clob -> org.hibernate.type.BasicTypeReference@7a65c995
2024-06-15T11:58:11.177+03:30 DEBUG 2484 --- [wallet] [           main] org.hibernate.type.BasicTypeRegistry     : Adding type registration materialized_clob_char_array -> org.hibernate.type.BasicTypeReference@7c950b3b
2024-06-15T11:58:11.178+03:30 DEBUG 2484 --- [wallet] [           main] org.hibernate.type.BasicTypeRegistry     : Adding type registration materialized_clob_character_array -> org.hibernate.type.BasicTypeReference@3af10d0b
2024-06-15T11:58:11.178+03:30 DEBUG 2484 --- [wallet] [           main] org.hibernate.type.BasicTypeRegistry     : Adding type registration materialized_nclob -> org.hibernate.type.BasicTypeReference@6806468e
2024-06-15T11:58:11.178+03:30 DEBUG 2484 --- [wallet] [           main] org.hibernate.type.BasicTypeRegistry     : Adding type registration materialized_nclob_character_array -> org.hibernate.type.BasicTypeReference@3c7b137a
2024-06-15T11:58:11.178+03:30 DEBUG 2484 --- [wallet] [           main] org.hibernate.type.BasicTypeRegistry     : Adding type registration materialized_nclob_char_array -> org.hibernate.type.BasicTypeReference@68631b1d
2024-06-15T11:58:11.179+03:30 DEBUG 2484 --- [wallet] [           main] org.hibernate.type.BasicTypeRegistry     : Adding type registration Duration -> org.hibernate.type.BasicTypeReference@5a48da4f
2024-06-15T11:58:11.179+03:30 DEBUG 2484 --- [wallet] [           main] org.hibernate.type.BasicTypeRegistry     : Adding type registration java.time.Duration -> org.hibernate.type.BasicTypeReference@5a48da4f
2024-06-15T11:58:11.179+03:30 DEBUG 2484 --- [wallet] [           main] org.hibernate.type.BasicTypeRegistry     : Adding type registration LocalDateTime -> org.hibernate.type.BasicTypeReference@a0c5be
2024-06-15T11:58:11.195+03:30 DEBUG 2484 --- [wallet] [           main] org.hibernate.type.BasicTypeRegistry     : Adding type registration java.time.LocalDateTime -> org.hibernate.type.BasicTypeReference@a0c5be
2024-06-15T11:58:11.195+03:30 DEBUG 2484 --- [wallet] [           main] org.hibernate.type.BasicTypeRegistry     : Adding type registration LocalDate -> org.hibernate.type.BasicTypeReference@6424e613
2024-06-15T11:58:11.196+03:30 DEBUG 2484 --- [wallet] [           main] org.hibernate.type.BasicTypeRegistry     : Adding type registration java.time.LocalDate -> org.hibernate.type.BasicTypeReference@6424e613
2024-06-15T11:58:11.196+03:30 DEBUG 2484 --- [wallet] [           main] org.hibernate.type.BasicTypeRegistry     : Adding type registration LocalTime -> org.hibernate.type.BasicTypeReference@14efa279
2024-06-15T11:58:11.196+03:30 DEBUG 2484 --- [wallet] [           main] org.hibernate.type.BasicTypeRegistry     : Adding type registration java.time.LocalTime -> org.hibernate.type.BasicTypeReference@14efa279
2024-06-15T11:58:11.196+03:30 DEBUG 2484 --- [wallet] [           main] org.hibernate.type.BasicTypeRegistry     : Adding type registration OffsetDateTime -> org.hibernate.type.BasicTypeReference@8e99809
2024-06-15T11:58:11.196+03:30 DEBUG 2484 --- [wallet] [           main] org.hibernate.type.BasicTypeRegistry     : Adding type registration java.time.OffsetDateTime -> org.hibernate.type.BasicTypeReference@8e99809
2024-06-15T11:58:11.196+03:30 DEBUG 2484 --- [wallet] [           main] org.hibernate.type.BasicTypeRegistry     : Adding type registration OffsetDateTimeWithTimezone -> org.hibernate.type.BasicTypeReference@e62319f
2024-06-15T11:58:11.196+03:30 DEBUG 2484 --- [wallet] [           main] org.hibernate.type.BasicTypeRegistry     : Adding type registration OffsetDateTimeWithoutTimezone -> org.hibernate.type.BasicTypeReference@4d354a3e
2024-06-15T11:58:11.197+03:30 DEBUG 2484 --- [wallet] [           main] org.hibernate.type.BasicTypeRegistry     : Adding type registration OffsetTime -> org.hibernate.type.BasicTypeReference@24a0c58b
2024-06-15T11:58:11.197+03:30 DEBUG 2484 --- [wallet] [           main] org.hibernate.type.BasicTypeRegistry     : Adding type registration java.time.OffsetTime -> org.hibernate.type.BasicTypeReference@24a0c58b
2024-06-15T11:58:11.197+03:30 DEBUG 2484 --- [wallet] [           main] org.hibernate.type.BasicTypeRegistry     : Adding type registration OffsetTimeUtc -> org.hibernate.type.BasicTypeReference@604d28c6
2024-06-15T11:58:11.197+03:30 DEBUG 2484 --- [wallet] [           main] org.hibernate.type.BasicTypeRegistry     : Adding type registration OffsetTimeWithTimezone -> org.hibernate.type.BasicTypeReference@7f3c0399
2024-06-15T11:58:11.197+03:30 DEBUG 2484 --- [wallet] [           main] org.hibernate.type.BasicTypeRegistry     : Adding type registration OffsetTimeWithoutTimezone -> org.hibernate.type.BasicTypeReference@183fc2fa
2024-06-15T11:58:11.197+03:30 DEBUG 2484 --- [wallet] [           main] org.hibernate.type.BasicTypeRegistry     : Adding type registration ZonedDateTime -> org.hibernate.type.BasicTypeReference@3a11c0eb
2024-06-15T11:58:11.197+03:30 DEBUG 2484 --- [wallet] [           main] org.hibernate.type.BasicTypeRegistry     : Adding type registration java.time.ZonedDateTime -> org.hibernate.type.BasicTypeReference@3a11c0eb
2024-06-15T11:58:11.198+03:30 DEBUG 2484 --- [wallet] [           main] org.hibernate.type.BasicTypeRegistry     : Adding type registration ZonedDateTimeWithTimezone -> org.hibernate.type.BasicTypeReference@3313d477
2024-06-15T11:58:11.198+03:30 DEBUG 2484 --- [wallet] [           main] org.hibernate.type.BasicTypeRegistry     : Adding type registration ZonedDateTimeWithoutTimezone -> org.hibernate.type.BasicTypeReference@2c2c3947
2024-06-15T11:58:11.198+03:30 DEBUG 2484 --- [wallet] [           main] org.hibernate.type.BasicTypeRegistry     : Adding type registration date -> org.hibernate.type.BasicTypeReference@4a62062a
2024-06-15T11:58:11.198+03:30 DEBUG 2484 --- [wallet] [           main] org.hibernate.type.BasicTypeRegistry     : Adding type registration java.sql.Date -> org.hibernate.type.BasicTypeReference@4a62062a
2024-06-15T11:58:11.198+03:30 DEBUG 2484 --- [wallet] [           main] org.hibernate.type.BasicTypeRegistry     : Adding type registration time -> org.hibernate.type.BasicTypeReference@7ec08115
2024-06-15T11:58:11.198+03:30 DEBUG 2484 --- [wallet] [           main] org.hibernate.type.BasicTypeRegistry     : Adding type registration java.sql.Time -> org.hibernate.type.BasicTypeReference@7ec08115
2024-06-15T11:58:11.198+03:30 DEBUG 2484 --- [wallet] [           main] org.hibernate.type.BasicTypeRegistry     : Adding type registration timestamp -> org.hibernate.type.BasicTypeReference@53dd42d6
2024-06-15T11:58:11.198+03:30 DEBUG 2484 --- [wallet] [           main] org.hibernate.type.BasicTypeRegistry     : Adding type registration java.sql.Timestamp -> org.hibernate.type.BasicTypeReference@53dd42d6
2024-06-15T11:58:11.199+03:30 DEBUG 2484 --- [wallet] [           main] org.hibernate.type.BasicTypeRegistry     : Adding type registration java.util.Date -> org.hibernate.type.BasicTypeReference@53dd42d6
2024-06-15T11:58:11.199+03:30 DEBUG 2484 --- [wallet] [           main] org.hibernate.type.BasicTypeRegistry     : Adding type registration calendar -> org.hibernate.type.BasicTypeReference@1e76afeb
2024-06-15T11:58:11.199+03:30 DEBUG 2484 --- [wallet] [           main] org.hibernate.type.BasicTypeRegistry     : Adding type registration java.util.Calendar -> org.hibernate.type.BasicTypeReference@1e76afeb
2024-06-15T11:58:11.199+03:30 DEBUG 2484 --- [wallet] [           main] org.hibernate.type.BasicTypeRegistry     : Adding type registration java.util.GregorianCalendar -> org.hibernate.type.BasicTypeReference@1e76afeb
2024-06-15T11:58:11.199+03:30 DEBUG 2484 --- [wallet] [           main] org.hibernate.type.BasicTypeRegistry     : Adding type registration calendar_date -> org.hibernate.type.BasicTypeReference@447fa959
2024-06-15T11:58:11.199+03:30 DEBUG 2484 --- [wallet] [           main] org.hibernate.type.BasicTypeRegistry     : Adding type registration calendar_time -> org.hibernate.type.BasicTypeReference@3e4d40ea
2024-06-15T11:58:11.199+03:30 DEBUG 2484 --- [wallet] [           main] org.hibernate.type.BasicTypeRegistry     : Adding type registration instant -> org.hibernate.type.BasicTypeReference@73f6e07
2024-06-15T11:58:11.200+03:30 DEBUG 2484 --- [wallet] [           main] org.hibernate.type.BasicTypeRegistry     : Adding type registration java.time.Instant -> org.hibernate.type.BasicTypeReference@73f6e07
2024-06-15T11:58:11.200+03:30 DEBUG 2484 --- [wallet] [           main] org.hibernate.type.BasicTypeRegistry     : Adding type registration uuid -> org.hibernate.type.BasicTypeReference@2c9d90fc
2024-06-15T11:58:11.200+03:30 DEBUG 2484 --- [wallet] [           main] org.hibernate.type.BasicTypeRegistry     : Adding type registration java.util.UUID -> org.hibernate.type.BasicTypeReference@2c9d90fc
2024-06-15T11:58:11.200+03:30 DEBUG 2484 --- [wallet] [           main] org.hibernate.type.BasicTypeRegistry     : Adding type registration pg-uuid -> org.hibernate.type.BasicTypeReference@2c9d90fc
2024-06-15T11:58:11.200+03:30 DEBUG 2484 --- [wallet] [           main] org.hibernate.type.BasicTypeRegistry     : Adding type registration uuid-binary -> org.hibernate.type.BasicTypeReference@1511d157
2024-06-15T11:58:11.200+03:30 DEBUG 2484 --- [wallet] [           main] org.hibernate.type.BasicTypeRegistry     : Adding type registration uuid-char -> org.hibernate.type.BasicTypeReference@418f890f
2024-06-15T11:58:11.200+03:30 DEBUG 2484 --- [wallet] [           main] org.hibernate.type.BasicTypeRegistry     : Adding type registration class -> org.hibernate.type.BasicTypeReference@3d3c886f
2024-06-15T11:58:11.200+03:30 DEBUG 2484 --- [wallet] [           main] org.hibernate.type.BasicTypeRegistry     : Adding type registration java.lang.Class -> org.hibernate.type.BasicTypeReference@3d3c886f
2024-06-15T11:58:11.201+03:30 DEBUG 2484 --- [wallet] [           main] org.hibernate.type.BasicTypeRegistry     : Adding type registration currency -> org.hibernate.type.BasicTypeReference@7d66e544
2024-06-15T11:58:11.202+03:30 DEBUG 2484 --- [wallet] [           main] org.hibernate.type.BasicTypeRegistry     : Adding type registration Currency -> org.hibernate.type.BasicTypeReference@7d66e544
2024-06-15T11:58:11.202+03:30 DEBUG 2484 --- [wallet] [           main] org.hibernate.type.BasicTypeRegistry     : Adding type registration java.util.Currency -> org.hibernate.type.BasicTypeReference@7d66e544
2024-06-15T11:58:11.202+03:30 DEBUG 2484 --- [wallet] [           main] org.hibernate.type.BasicTypeRegistry     : Adding type registration locale -> org.hibernate.type.BasicTypeReference@5b1c32e4
2024-06-15T11:58:11.203+03:30 DEBUG 2484 --- [wallet] [           main] org.hibernate.type.BasicTypeRegistry     : Adding type registration java.util.Locale -> org.hibernate.type.BasicTypeReference@5b1c32e4
2024-06-15T11:58:11.203+03:30 DEBUG 2484 --- [wallet] [           main] org.hibernate.type.BasicTypeRegistry     : Adding type registration serializable -> org.hibernate.type.BasicTypeReference@2bab618
2024-06-15T11:58:11.203+03:30 DEBUG 2484 --- [wallet] [           main] org.hibernate.type.BasicTypeRegistry     : Adding type registration java.io.Serializable -> org.hibernate.type.BasicTypeReference@2bab618
2024-06-15T11:58:11.204+03:30 DEBUG 2484 --- [wallet] [           main] org.hibernate.type.BasicTypeRegistry     : Adding type registration timezone -> org.hibernate.type.BasicTypeReference@48bc2fce
2024-06-15T11:58:11.204+03:30 DEBUG 2484 --- [wallet] [           main] org.hibernate.type.BasicTypeRegistry     : Adding type registration java.util.TimeZone -> org.hibernate.type.BasicTypeReference@48bc2fce
2024-06-15T11:58:11.204+03:30 DEBUG 2484 --- [wallet] [           main] org.hibernate.type.BasicTypeRegistry     : Adding type registration ZoneOffset -> org.hibernate.type.BasicTypeReference@1eca3ea7
2024-06-15T11:58:11.206+03:30 DEBUG 2484 --- [wallet] [           main] org.hibernate.type.BasicTypeRegistry     : Adding type registration java.time.ZoneOffset -> org.hibernate.type.BasicTypeReference@1eca3ea7
2024-06-15T11:58:11.206+03:30 DEBUG 2484 --- [wallet] [           main] org.hibernate.type.BasicTypeRegistry     : Adding type registration url -> org.hibernate.type.BasicTypeReference@24fba488
2024-06-15T11:58:11.206+03:30 DEBUG 2484 --- [wallet] [           main] org.hibernate.type.BasicTypeRegistry     : Adding type registration java.net.URL -> org.hibernate.type.BasicTypeReference@24fba488
2024-06-15T11:58:11.206+03:30 DEBUG 2484 --- [wallet] [           main] org.hibernate.type.BasicTypeRegistry     : Adding type registration vector -> org.hibernate.type.BasicTypeReference@73a6cc79
2024-06-15T11:58:11.206+03:30 DEBUG 2484 --- [wallet] [           main] org.hibernate.type.BasicTypeRegistry     : Adding type registration row_version -> org.hibernate.type.BasicTypeReference@5a4d4f9c
2024-06-15T11:58:11.224+03:30 DEBUG 2484 --- [wallet] [           main] org.hibernate.type.BasicTypeRegistry     : Adding type registration object -> org.hibernate.type.JavaObjectType@38732364
2024-06-15T11:58:11.225+03:30 DEBUG 2484 --- [wallet] [           main] org.hibernate.type.BasicTypeRegistry     : Adding type registration java.lang.Object -> org.hibernate.type.JavaObjectType@38732364
2024-06-15T11:58:11.230+03:30 DEBUG 2484 --- [wallet] [           main] org.hibernate.type.BasicTypeRegistry     : Adding type registration null -> org.hibernate.type.NullType@3887c7d7
2024-06-15T11:58:11.230+03:30 DEBUG 2484 --- [wallet] [           main] org.hibernate.type.BasicTypeRegistry     : Adding type registration imm_date -> org.hibernate.type.BasicTypeReference@b1b471
2024-06-15T11:58:11.230+03:30 DEBUG 2484 --- [wallet] [           main] org.hibernate.type.BasicTypeRegistry     : Adding type registration imm_time -> org.hibernate.type.BasicTypeReference@526f6427
2024-06-15T11:58:11.231+03:30 DEBUG 2484 --- [wallet] [           main] org.hibernate.type.BasicTypeRegistry     : Adding type registration imm_timestamp -> org.hibernate.type.BasicTypeReference@4f1afe8f
2024-06-15T11:58:11.231+03:30 DEBUG 2484 --- [wallet] [           main] org.hibernate.type.BasicTypeRegistry     : Adding type registration imm_calendar -> org.hibernate.type.BasicTypeReference@492521c4
2024-06-15T11:58:11.231+03:30 DEBUG 2484 --- [wallet] [           main] org.hibernate.type.BasicTypeRegistry     : Adding type registration imm_calendar_date -> org.hibernate.type.BasicTypeReference@443a06ad
2024-06-15T11:58:11.231+03:30 DEBUG 2484 --- [wallet] [           main] org.hibernate.type.BasicTypeRegistry     : Adding type registration imm_calendar_time -> org.hibernate.type.BasicTypeReference@6ddd1c51
2024-06-15T11:58:11.231+03:30 DEBUG 2484 --- [wallet] [           main] org.hibernate.type.BasicTypeRegistry     : Adding type registration imm_binary -> org.hibernate.type.BasicTypeReference@752b69e3
2024-06-15T11:58:11.232+03:30 DEBUG 2484 --- [wallet] [           main] org.hibernate.type.BasicTypeRegistry     : Adding type registration imm_serializable -> org.hibernate.type.BasicTypeReference@15605d83
2024-06-15T11:58:11.252+03:30 DEBUG 2484 --- [wallet] [           main] o.h.boot.internal.BootstrapContextImpl   : Injecting JPA temp ClassLoader [org.springframework.instrument.classloading.SimpleThrowawayClassLoader@6d0e45a5] into BootstrapContext; was [null]
2024-06-15T11:58:11.253+03:30 DEBUG 2484 --- [wallet] [           main] o.h.boot.internal.ClassLoaderAccessImpl  : ClassLoaderAccessImpl#injectTempClassLoader(org.springframework.instrument.classloading.SimpleThrowawayClassLoader@6d0e45a5) [was null]
2024-06-15T11:58:11.255+03:30 DEBUG 2484 --- [wallet] [           main] o.h.boot.internal.BootstrapContextImpl   : Injecting ScanEnvironment [org.hibernate.jpa.boot.internal.StandardJpaScanEnvironmentImpl@256bb5be] into BootstrapContext; was [null]
2024-06-15T11:58:11.256+03:30 DEBUG 2484 --- [wallet] [           main] o.h.boot.internal.BootstrapContextImpl   : Injecting ScanOptions [org.hibernate.boot.archive.scan.internal.StandardScanOptions@5fef0c19] into BootstrapContext; was [org.hibernate.boot.archive.scan.internal.StandardScanOptions@2e6d76ba]
2024-06-15T11:58:12.113+03:30  INFO 2484 --- [wallet] [           main] o.s.o.j.p.SpringPersistenceUnitInfo      : No LoadTimeWeaver setup: ignoring JPA class transformer
2024-06-15T11:58:12.114+03:30 DEBUG 2484 --- [wallet] [           main] o.h.boot.internal.BootstrapContextImpl   : Injecting JPA temp ClassLoader [null] into BootstrapContext; was [org.springframework.instrument.classloading.SimpleThrowawayClassLoader@6d0e45a5]
2024-06-15T11:58:12.114+03:30 DEBUG 2484 --- [wallet] [           main] o.h.boot.internal.ClassLoaderAccessImpl  : ClassLoaderAccessImpl#injectTempClassLoader(null) [was org.springframework.instrument.classloading.SimpleThrowawayClassLoader@6d0e45a5]
2024-06-15T11:58:12.201+03:30 DEBUG 2484 --- [wallet] [           main] com.zaxxer.hikari.HikariConfig           : HikariPool-1 - configuration:
2024-06-15T11:58:12.213+03:30 DEBUG 2484 --- [wallet] [           main] com.zaxxer.hikari.HikariConfig           : allowPoolSuspension.............false
2024-06-15T11:58:12.214+03:30 DEBUG 2484 --- [wallet] [           main] com.zaxxer.hikari.HikariConfig           : autoCommit......................true
2024-06-15T11:58:12.215+03:30 DEBUG 2484 --- [wallet] [           main] com.zaxxer.hikari.HikariConfig           : catalog.........................none
2024-06-15T11:58:12.215+03:30 DEBUG 2484 --- [wallet] [           main] com.zaxxer.hikari.HikariConfig           : connectionInitSql...............none
2024-06-15T11:58:12.215+03:30 DEBUG 2484 --- [wallet] [           main] com.zaxxer.hikari.HikariConfig           : connectionTestQuery.............none
2024-06-15T11:58:12.218+03:30 DEBUG 2484 --- [wallet] [           main] com.zaxxer.hikari.HikariConfig           : connectionTimeout...............30000
2024-06-15T11:58:12.219+03:30 DEBUG 2484 --- [wallet] [           main] com.zaxxer.hikari.HikariConfig           : dataSource......................none
2024-06-15T11:58:12.220+03:30 DEBUG 2484 --- [wallet] [           main] com.zaxxer.hikari.HikariConfig           : dataSourceClassName.............none
2024-06-15T11:58:12.220+03:30 DEBUG 2484 --- [wallet] [           main] com.zaxxer.hikari.HikariConfig           : dataSourceJNDI..................none
2024-06-15T11:58:12.222+03:30 DEBUG 2484 --- [wallet] [           main] com.zaxxer.hikari.HikariConfig           : dataSourceProperties............{password=<masked>}
2024-06-15T11:58:12.223+03:30 DEBUG 2484 --- [wallet] [           main] com.zaxxer.hikari.HikariConfig           : driverClassName................."org.h2.Driver"
2024-06-15T11:58:12.223+03:30 DEBUG 2484 --- [wallet] [           main] com.zaxxer.hikari.HikariConfig           : exceptionOverrideClassName......none
2024-06-15T11:58:12.224+03:30 DEBUG 2484 --- [wallet] [           main] com.zaxxer.hikari.HikariConfig           : healthCheckProperties...........{}
2024-06-15T11:58:12.224+03:30 DEBUG 2484 --- [wallet] [           main] com.zaxxer.hikari.HikariConfig           : healthCheckRegistry.............none
2024-06-15T11:58:12.225+03:30 DEBUG 2484 --- [wallet] [           main] com.zaxxer.hikari.HikariConfig           : idleTimeout.....................600000
2024-06-15T11:58:12.225+03:30 DEBUG 2484 --- [wallet] [           main] com.zaxxer.hikari.HikariConfig           : initializationFailTimeout.......1
2024-06-15T11:58:12.226+03:30 DEBUG 2484 --- [wallet] [           main] com.zaxxer.hikari.HikariConfig           : isolateInternalQueries..........false
2024-06-15T11:58:12.227+03:30 DEBUG 2484 --- [wallet] [           main] com.zaxxer.hikari.HikariConfig           : jdbcUrl.........................jdbc:h2:mem:walletdb;DB_CLOSE_DELAY=-1;DB_CLOSE_ON_EXIT=FALSE
2024-06-15T11:58:12.227+03:30 DEBUG 2484 --- [wallet] [           main] com.zaxxer.hikari.HikariConfig           : keepaliveTime...................0
2024-06-15T11:58:12.227+03:30 DEBUG 2484 --- [wallet] [           main] com.zaxxer.hikari.HikariConfig           : leakDetectionThreshold..........0
2024-06-15T11:58:12.227+03:30 DEBUG 2484 --- [wallet] [           main] com.zaxxer.hikari.HikariConfig           : maxLifetime.....................1800000
2024-06-15T11:58:12.229+03:30 DEBUG 2484 --- [wallet] [           main] com.zaxxer.hikari.HikariConfig           : maximumPoolSize.................10
2024-06-15T11:58:12.230+03:30 DEBUG 2484 --- [wallet] [           main] com.zaxxer.hikari.HikariConfig           : metricRegistry..................none
2024-06-15T11:58:12.231+03:30 DEBUG 2484 --- [wallet] [           main] com.zaxxer.hikari.HikariConfig           : metricsTrackerFactory...........none
2024-06-15T11:58:12.232+03:30 DEBUG 2484 --- [wallet] [           main] com.zaxxer.hikari.HikariConfig           : minimumIdle.....................10
2024-06-15T11:58:12.232+03:30 DEBUG 2484 --- [wallet] [           main] com.zaxxer.hikari.HikariConfig           : password........................<masked>
2024-06-15T11:58:12.233+03:30 DEBUG 2484 --- [wallet] [           main] com.zaxxer.hikari.HikariConfig           : poolName........................"HikariPool-1"
2024-06-15T11:58:12.233+03:30 DEBUG 2484 --- [wallet] [           main] com.zaxxer.hikari.HikariConfig           : readOnly........................false
2024-06-15T11:58:12.233+03:30 DEBUG 2484 --- [wallet] [           main] com.zaxxer.hikari.HikariConfig           : registerMbeans..................false
2024-06-15T11:58:12.234+03:30 DEBUG 2484 --- [wallet] [           main] com.zaxxer.hikari.HikariConfig           : scheduledExecutor...............none
2024-06-15T11:58:12.234+03:30 DEBUG 2484 --- [wallet] [           main] com.zaxxer.hikari.HikariConfig           : schema..........................none
2024-06-15T11:58:12.234+03:30 DEBUG 2484 --- [wallet] [           main] com.zaxxer.hikari.HikariConfig           : threadFactory...................internal
2024-06-15T11:58:12.234+03:30 DEBUG 2484 --- [wallet] [           main] com.zaxxer.hikari.HikariConfig           : transactionIsolation............default
2024-06-15T11:58:12.234+03:30 DEBUG 2484 --- [wallet] [           main] com.zaxxer.hikari.HikariConfig           : username........................"sa"
2024-06-15T11:58:12.235+03:30 DEBUG 2484 --- [wallet] [           main] com.zaxxer.hikari.HikariConfig           : validationTimeout...............5000
2024-06-15T11:58:12.235+03:30  INFO 2484 --- [wallet] [           main] com.zaxxer.hikari.HikariDataSource       : HikariPool-1 - Starting...
2024-06-15T11:58:12.888+03:30  INFO 2484 --- [wallet] [           main] com.zaxxer.hikari.pool.HikariPool        : HikariPool-1 - Added connection conn0: url=jdbc:h2:mem:walletdb user=SA
2024-06-15T11:58:12.892+03:30  INFO 2484 --- [wallet] [           main] com.zaxxer.hikari.HikariDataSource       : HikariPool-1 - Start completed.
2024-06-15T11:58:12.907+03:30 DEBUG 2484 --- [wallet] [           main] o.h.e.j.e.i.JdbcEnvironmentInitiator     : Database ->
	   name : H2
	version : 2.2.224 (2023-09-17)
	  major : 2
	  minor : 2
2024-06-15T11:58:12.908+03:30 DEBUG 2484 --- [wallet] [           main] o.h.e.j.e.i.JdbcEnvironmentInitiator     : Driver ->
	   name : H2 JDBC Driver
	version : 2.2.224 (2023-09-17)
	  major : 2
	  minor : 2
2024-06-15T11:58:12.908+03:30 DEBUG 2484 --- [wallet] [           main] o.h.e.j.e.i.JdbcEnvironmentInitiator     : JDBC version : 4.2
2024-06-15T11:58:12.977+03:30  WARN 2484 --- [wallet] [           main] org.hibernate.orm.deprecation            : HHH90000025: H2Dialect does not need to be specified explicitly using 'hibernate.dialect' (remove the property setting and it will be selected by default)
2024-06-15T11:58:12.980+03:30 DEBUG 2484 --- [wallet] [           main] org.hibernate.orm.dialect                : HHH035001: Using dialect: org.hibernate.dialect.H2Dialect, version: 2.2.224
2024-06-15T11:58:12.999+03:30 DEBUG 2484 --- [wallet] [l-1 housekeeper] com.zaxxer.hikari.pool.HikariPool        : HikariPool-1 - Pool stats (total=1, active=1, idle=0, waiting=0)
2024-06-15T11:58:13.003+03:30 DEBUG 2484 --- [wallet] [onnection adder] com.zaxxer.hikari.pool.HikariPool        : HikariPool-1 - Added connection conn1: url=jdbc:h2:mem:walletdb user=SA
2024-06-15T11:58:13.007+03:30 DEBUG 2484 --- [wallet] [           main] o.h.e.j.env.spi.IdentifierHelperBuilder  : JDBC driver metadata reported database stores quoted identifiers in neither upper, lower nor mixed case
2024-06-15T11:58:13.049+03:30 DEBUG 2484 --- [wallet] [onnection adder] com.zaxxer.hikari.pool.HikariPool        : HikariPool-1 - After adding stats (total=2, active=1, idle=1, waiting=0)
2024-06-15T11:58:13.053+03:30 DEBUG 2484 --- [wallet] [onnection adder] com.zaxxer.hikari.pool.HikariPool        : HikariPool-1 - Added connection conn2: url=jdbc:h2:mem:walletdb user=SA
2024-06-15T11:58:13.113+03:30 DEBUG 2484 --- [wallet] [           main] o.h.t.d.jdbc.spi.JdbcTypeRegistry        : addDescriptor(NCharTypeDescriptor) replaced previous registration(CharTypeDescriptor)
2024-06-15T11:58:13.114+03:30 DEBUG 2484 --- [wallet] [           main] o.h.t.d.jdbc.spi.JdbcTypeRegistry        : addDescriptor(NVarcharTypeDescriptor) replaced previous registration(VarcharTypeDescriptor)
2024-06-15T11:58:13.115+03:30 DEBUG 2484 --- [wallet] [           main] o.h.t.d.jdbc.spi.JdbcTypeRegistry        : addDescriptor(LongNVarcharTypeDescriptor) replaced previous registration(LongVarcharTypeDescriptor)
2024-06-15T11:58:13.124+03:30 DEBUG 2484 --- [wallet] [           main] o.h.t.d.jdbc.spi.JdbcTypeRegistry        : addDescriptor(NClobTypeDescriptor(DEFAULT)) replaced previous registration(ClobTypeDescriptor(DEFAULT))
2024-06-15T11:58:13.125+03:30 DEBUG 2484 --- [wallet] [           main] o.h.t.d.jdbc.spi.JdbcTypeRegistry        : addDescriptor(2005, ClobTypeDescriptor(STREAM_BINDING)) replaced previous registration(ClobTypeDescriptor(DEFAULT))
2024-06-15T11:58:13.132+03:30 DEBUG 2484 --- [wallet] [           main] o.h.t.d.jdbc.spi.JdbcTypeRegistry        : addDescriptor(TimestampUtcDescriptor) replaced previous registration(TimestampUtcDescriptor)
2024-06-15T11:58:13.117+03:30 DEBUG 2484 --- [wallet] [onnection adder] com.zaxxer.hikari.pool.HikariPool        : HikariPool-1 - After adding stats (total=3, active=0, idle=3, waiting=0)
2024-06-15T11:58:13.153+03:30 DEBUG 2484 --- [wallet] [           main] org.hibernate.type.BasicTypeRegistry     : Adding type registration org.hibernate.type.DurationType -> basicType@1(java.time.Duration,3015)
2024-06-15T11:58:13.153+03:30 DEBUG 2484 --- [wallet] [           main] org.hibernate.type.BasicTypeRegistry     : Adding type registration Duration -> basicType@1(java.time.Duration,3015)
2024-06-15T11:58:13.153+03:30 DEBUG 2484 --- [wallet] [           main] org.hibernate.type.BasicTypeRegistry     : Adding type registration java.time.Duration -> basicType@1(java.time.Duration,3015)
2024-06-15T11:58:13.167+03:30 DEBUG 2484 --- [wallet] [           main] o.h.type.spi.TypeConfiguration$Scope     : Scoping TypeConfiguration [org.hibernate.type.spi.TypeConfiguration@527d48db] to MetadataBuildingContext [org.hibernate.boot.internal.MetadataBuildingContextRootImpl@194037f9]
2024-06-15T11:58:13.171+03:30 DEBUG 2484 --- [wallet] [onnection adder] com.zaxxer.hikari.pool.HikariPool        : HikariPool-1 - Added connection conn3: url=jdbc:h2:mem:walletdb user=SA
2024-06-15T11:58:13.205+03:30 DEBUG 2484 --- [wallet] [onnection adder] com.zaxxer.hikari.pool.HikariPool        : HikariPool-1 - After adding stats (total=4, active=0, idle=4, waiting=0)
2024-06-15T11:58:13.209+03:30 DEBUG 2484 --- [wallet] [onnection adder] com.zaxxer.hikari.pool.HikariPool        : HikariPool-1 - Added connection conn4: url=jdbc:h2:mem:walletdb user=SA
2024-06-15T11:58:13.251+03:30 DEBUG 2484 --- [wallet] [onnection adder] com.zaxxer.hikari.pool.HikariPool        : HikariPool-1 - After adding stats (total=5, active=0, idle=5, waiting=0)
2024-06-15T11:58:13.257+03:30 DEBUG 2484 --- [wallet] [onnection adder] com.zaxxer.hikari.pool.HikariPool        : HikariPool-1 - Added connection conn5: url=jdbc:h2:mem:walletdb user=SA
2024-06-15T11:58:13.273+03:30 DEBUG 2484 --- [wallet] [           main] o.h.boot.model.relational.Namespace      : Created database namespace [logicalName=Name{catalog=null, schema=null}, physicalName=Name{catalog=null, schema=null}]
2024-06-15T11:58:13.299+03:30 DEBUG 2484 --- [wallet] [onnection adder] com.zaxxer.hikari.pool.HikariPool        : HikariPool-1 - After adding stats (total=6, active=0, idle=6, waiting=0)
2024-06-15T11:58:13.304+03:30 DEBUG 2484 --- [wallet] [onnection adder] com.zaxxer.hikari.pool.HikariPool        : HikariPool-1 - Added connection conn6: url=jdbc:h2:mem:walletdb user=SA
2024-06-15T11:58:13.343+03:30 DEBUG 2484 --- [wallet] [           main] o.h.boot.model.internal.EntityBinder     : Binding entity from annotated class: com.sample.wallet.entity.Transaction
2024-06-15T11:58:13.345+03:30 DEBUG 2484 --- [wallet] [onnection adder] com.zaxxer.hikari.pool.HikariPool        : HikariPool-1 - After adding stats (total=7, active=0, idle=7, waiting=0)
2024-06-15T11:58:13.347+03:30 DEBUG 2484 --- [wallet] [onnection adder] com.zaxxer.hikari.pool.HikariPool        : HikariPool-1 - Added connection conn7: url=jdbc:h2:mem:walletdb user=SA
2024-06-15T11:58:13.360+03:30 DEBUG 2484 --- [wallet] [           main] o.h.boot.model.internal.EntityBinder     : Import with entity name Transaction
2024-06-15T11:58:13.375+03:30 DEBUG 2484 --- [wallet] [           main] o.h.boot.model.internal.EntityBinder     : Bind entity com.sample.wallet.entity.Transaction on table transactions
2024-06-15T11:58:13.392+03:30 DEBUG 2484 --- [wallet] [onnection adder] com.zaxxer.hikari.pool.HikariPool        : HikariPool-1 - After adding stats (total=8, active=0, idle=8, waiting=0)
2024-06-15T11:58:13.395+03:30 DEBUG 2484 --- [wallet] [onnection adder] com.zaxxer.hikari.pool.HikariPool        : HikariPool-1 - Added connection conn8: url=jdbc:h2:mem:walletdb user=SA
2024-06-15T11:58:13.399+03:30 DEBUG 2484 --- [wallet] [           main] o.h.boot.model.internal.AnnotatedColumn  : Binding column: AnnotatedDiscriminatorColumn(column='DTYPE')
2024-06-15T11:58:13.437+03:30 DEBUG 2484 --- [wallet] [           main] o.h.boot.model.internal.AnnotatedColumn  : Binding column: AnnotatedColumn()
2024-06-15T11:58:13.439+03:30 DEBUG 2484 --- [wallet] [onnection adder] com.zaxxer.hikari.pool.HikariPool        : HikariPool-1 - After adding stats (total=9, active=0, idle=9, waiting=0)
2024-06-15T11:58:13.439+03:30 DEBUG 2484 --- [wallet] [           main] o.h.boot.internal.ClassLoaderAccessImpl  : Not known whether passed class name [com.sample.wallet.entity.Transaction] is safe
2024-06-15T11:58:13.439+03:30 DEBUG 2484 --- [wallet] [           main] o.h.boot.internal.ClassLoaderAccessImpl  : No temp ClassLoader provided; using live ClassLoader for loading potentially unsafe class : com.sample.wallet.entity.Transaction
2024-06-15T11:58:13.440+03:30 DEBUG 2484 --- [wallet] [onnection adder] com.zaxxer.hikari.pool.HikariPool        : HikariPool-1 - Added connection conn9: url=jdbc:h2:mem:walletdb user=SA
2024-06-15T11:58:13.445+03:30 DEBUG 2484 --- [wallet] [           main] o.h.boot.model.internal.PropertyBinder   : MetadataSourceProcessor property id with lazy=false
2024-06-15T11:58:13.454+03:30 DEBUG 2484 --- [wallet] [           main] o.h.b.m.internal.AbstractPropertyHolder  : Attempting to locate auto-apply AttributeConverter for property [com.sample.wallet.entity.Transaction:id]
2024-06-15T11:58:13.464+03:30 DEBUG 2484 --- [wallet] [           main] o.h.b.model.internal.BasicValueBinder    : building BasicValue for id
2024-06-15T11:58:13.470+03:30 DEBUG 2484 --- [wallet] [           main] org.hibernate.mapping.BasicValue         : Skipping column re-registration: transactions.id
2024-06-15T11:58:13.472+03:30 DEBUG 2484 --- [wallet] [           main] o.h.boot.model.internal.PropertyBinder   : Building property id
2024-06-15T11:58:13.480+03:30 DEBUG 2484 --- [wallet] [           main] o.h.boot.model.internal.BinderHelper     : #makeIdGenerator(BasicValue([Column(id)]), id, identity, , ...)
2024-06-15T11:58:13.482+03:30 DEBUG 2484 --- [wallet] [           main] o.h.boot.model.internal.AnnotatedColumn  : Binding column: AnnotatedColumn()
2024-06-15T11:58:13.483+03:30 DEBUG 2484 --- [wallet] [           main] o.h.boot.model.internal.PropertyBinder   : MetadataSourceProcessor property amount with lazy=false
2024-06-15T11:58:13.483+03:30 DEBUG 2484 --- [wallet] [           main] o.h.b.m.internal.AbstractPropertyHolder  : Attempting to locate auto-apply AttributeConverter for property [com.sample.wallet.entity.Transaction:amount]
2024-06-15T11:58:13.483+03:30 DEBUG 2484 --- [wallet] [           main] o.h.b.model.internal.BasicValueBinder    : building BasicValue for amount
2024-06-15T11:58:13.483+03:30 DEBUG 2484 --- [wallet] [           main] org.hibernate.mapping.BasicValue         : Skipping column re-registration: transactions.amount
2024-06-15T11:58:13.484+03:30 DEBUG 2484 --- [wallet] [           main] o.h.boot.model.internal.PropertyBinder   : Building property amount
2024-06-15T11:58:13.484+03:30 DEBUG 2484 --- [wallet] [           main] o.h.boot.model.internal.AnnotatedColumn  : Binding column: AnnotatedColumn()
2024-06-15T11:58:13.486+03:30 DEBUG 2484 --- [wallet] [onnection adder] com.zaxxer.hikari.pool.HikariPool        : HikariPool-1 - After adding stats (total=10, active=0, idle=10, waiting=0)
2024-06-15T11:58:13.486+03:30 DEBUG 2484 --- [wallet] [           main] o.h.boot.model.internal.PropertyBinder   : MetadataSourceProcessor property timestamp with lazy=false
2024-06-15T11:58:13.486+03:30 DEBUG 2484 --- [wallet] [onnection adder] com.zaxxer.hikari.pool.HikariPool        : HikariPool-1 - Connection not added, stats (total=10, active=0, idle=10, waiting=0)
2024-06-15T11:58:13.486+03:30 DEBUG 2484 --- [wallet] [           main] o.h.b.m.internal.AbstractPropertyHolder  : Attempting to locate auto-apply AttributeConverter for property [com.sample.wallet.entity.Transaction:timestamp]
2024-06-15T11:58:13.486+03:30 DEBUG 2484 --- [wallet] [           main] o.h.b.model.internal.BasicValueBinder    : building BasicValue for timestamp
2024-06-15T11:58:13.487+03:30 DEBUG 2484 --- [wallet] [           main] org.hibernate.mapping.BasicValue         : Skipping column re-registration: transactions.timestamp
2024-06-15T11:58:13.487+03:30 DEBUG 2484 --- [wallet] [           main] o.h.boot.model.internal.PropertyBinder   : Building property timestamp
2024-06-15T11:58:13.488+03:30 DEBUG 2484 --- [wallet] [           main] o.h.boot.model.internal.AnnotatedColumn  : Binding column: AnnotatedColumn()
2024-06-15T11:58:13.489+03:30 DEBUG 2484 --- [wallet] [           main] o.h.boot.model.internal.PropertyBinder   : MetadataSourceProcessor property walletId with lazy=false
2024-06-15T11:58:13.489+03:30 DEBUG 2484 --- [wallet] [           main] o.h.b.m.internal.AbstractPropertyHolder  : Attempting to locate auto-apply AttributeConverter for property [com.sample.wallet.entity.Transaction:walletId]
2024-06-15T11:58:13.489+03:30 DEBUG 2484 --- [wallet] [           main] o.h.b.model.internal.BasicValueBinder    : building BasicValue for walletId
2024-06-15T11:58:13.489+03:30 DEBUG 2484 --- [wallet] [           main] org.hibernate.mapping.BasicValue         : Skipping column re-registration: transactions.wallet_id
2024-06-15T11:58:13.489+03:30 DEBUG 2484 --- [wallet] [           main] o.h.boot.model.internal.PropertyBinder   : Building property walletId
2024-06-15T11:58:13.493+03:30 DEBUG 2484 --- [wallet] [           main] o.h.b.r.c.i.ClassLoaderServiceImpl       : HHH000194: Package not found or no package-info.java: com.sample.wallet.entity
2024-06-15T11:58:13.505+03:30 DEBUG 2484 --- [wallet] [           main] o.h.boot.model.internal.EntityBinder     : Binding entity from annotated class: com.sample.wallet.entity.Wallet
2024-06-15T11:58:13.506+03:30 DEBUG 2484 --- [wallet] [           main] o.h.boot.model.internal.EntityBinder     : Import with entity name Wallet
2024-06-15T11:58:13.506+03:30 DEBUG 2484 --- [wallet] [           main] o.h.boot.model.internal.EntityBinder     : Bind entity com.sample.wallet.entity.Wallet on table wallets
2024-06-15T11:58:13.507+03:30 DEBUG 2484 --- [wallet] [           main] o.h.boot.model.internal.AnnotatedColumn  : Binding column: AnnotatedDiscriminatorColumn(column='DTYPE')
2024-06-15T11:58:13.509+03:30 DEBUG 2484 --- [wallet] [           main] o.h.boot.model.internal.AnnotatedColumn  : Binding column: AnnotatedColumn()
2024-06-15T11:58:13.510+03:30 DEBUG 2484 --- [wallet] [           main] o.h.boot.internal.ClassLoaderAccessImpl  : Not known whether passed class name [com.sample.wallet.entity.Wallet] is safe
2024-06-15T11:58:13.510+03:30 DEBUG 2484 --- [wallet] [           main] o.h.boot.internal.ClassLoaderAccessImpl  : No temp ClassLoader provided; using live ClassLoader for loading potentially unsafe class : com.sample.wallet.entity.Wallet
2024-06-15T11:58:13.511+03:30 DEBUG 2484 --- [wallet] [           main] o.h.boot.model.internal.PropertyBinder   : MetadataSourceProcessor property id with lazy=false
2024-06-15T11:58:13.511+03:30 DEBUG 2484 --- [wallet] [           main] o.h.b.m.internal.AbstractPropertyHolder  : Attempting to locate auto-apply AttributeConverter for property [com.sample.wallet.entity.Wallet:id]
2024-06-15T11:58:13.511+03:30 DEBUG 2484 --- [wallet] [           main] o.h.b.model.internal.BasicValueBinder    : building BasicValue for id
2024-06-15T11:58:13.512+03:30 DEBUG 2484 --- [wallet] [           main] org.hibernate.mapping.BasicValue         : Skipping column re-registration: wallets.id
2024-06-15T11:58:13.512+03:30 DEBUG 2484 --- [wallet] [           main] o.h.boot.model.internal.PropertyBinder   : Building property id
2024-06-15T11:58:13.513+03:30 DEBUG 2484 --- [wallet] [           main] o.h.boot.model.internal.BinderHelper     : #makeIdGenerator(BasicValue([Column(id)]), id, org.hibernate.id.enhanced.SequenceStyleGenerator, , ...)
2024-06-15T11:58:13.513+03:30 DEBUG 2484 --- [wallet] [           main] o.h.boot.model.internal.AnnotatedColumn  : Binding column: AnnotatedColumn()
2024-06-15T11:58:13.514+03:30 DEBUG 2484 --- [wallet] [           main] o.h.boot.model.internal.PropertyBinder   : MetadataSourceProcessor property balance with lazy=false
2024-06-15T11:58:13.514+03:30 DEBUG 2484 --- [wallet] [           main] o.h.b.m.internal.AbstractPropertyHolder  : Attempting to locate auto-apply AttributeConverter for property [com.sample.wallet.entity.Wallet:balance]
2024-06-15T11:58:13.514+03:30 DEBUG 2484 --- [wallet] [           main] o.h.b.model.internal.BasicValueBinder    : building BasicValue for balance
2024-06-15T11:58:13.515+03:30 DEBUG 2484 --- [wallet] [           main] org.hibernate.mapping.BasicValue         : Skipping column re-registration: wallets.balance
2024-06-15T11:58:13.515+03:30 DEBUG 2484 --- [wallet] [           main] o.h.boot.model.internal.PropertyBinder   : Building property balance
2024-06-15T11:58:13.516+03:30 DEBUG 2484 --- [wallet] [           main] o.h.boot.model.internal.AnnotatedColumn  : Binding column: AnnotatedColumn()
2024-06-15T11:58:13.517+03:30 DEBUG 2484 --- [wallet] [           main] o.h.boot.model.internal.PropertyBinder   : MetadataSourceProcessor property user_id with lazy=false
2024-06-15T11:58:13.517+03:30 DEBUG 2484 --- [wallet] [           main] o.h.b.m.internal.AbstractPropertyHolder  : Attempting to locate auto-apply AttributeConverter for property [com.sample.wallet.entity.Wallet:user_id]
2024-06-15T11:58:13.517+03:30 DEBUG 2484 --- [wallet] [           main] o.h.b.model.internal.BasicValueBinder    : building BasicValue for user_id
2024-06-15T11:58:13.518+03:30 DEBUG 2484 --- [wallet] [           main] org.hibernate.mapping.BasicValue         : Skipping column re-registration: wallets.user_id
2024-06-15T11:58:13.518+03:30 DEBUG 2484 --- [wallet] [           main] o.h.boot.model.internal.PropertyBinder   : Building property user_id
2024-06-15T11:58:13.520+03:30 DEBUG 2484 --- [wallet] [           main] o.h.b.r.c.i.ClassLoaderServiceImpl       : HHH000194: Package not found or no package-info.java: com.sample.wallet.entity
2024-06-15T11:58:13.534+03:30 DEBUG 2484 --- [wallet] [           main] o.h.b.model.internal.BasicValueBinder    : Starting `BasicValueBinder#fillSimpleValue` for id
2024-06-15T11:58:13.537+03:30 DEBUG 2484 --- [wallet] [           main] o.h.b.model.internal.BasicValueBinder    : Starting `BasicValueBinder#fillSimpleValue` for amount
2024-06-15T11:58:13.538+03:30 DEBUG 2484 --- [wallet] [           main] o.h.b.model.internal.BasicValueBinder    : Starting `BasicValueBinder#fillSimpleValue` for timestamp
2024-06-15T11:58:13.542+03:30 DEBUG 2484 --- [wallet] [           main] o.h.b.model.internal.BasicValueBinder    : Starting `BasicValueBinder#fillSimpleValue` for walletId
2024-06-15T11:58:13.542+03:30 DEBUG 2484 --- [wallet] [           main] o.h.b.model.internal.BasicValueBinder    : Starting `BasicValueBinder#fillSimpleValue` for id
2024-06-15T11:58:13.543+03:30 DEBUG 2484 --- [wallet] [           main] o.h.b.model.internal.BasicValueBinder    : Starting `BasicValueBinder#fillSimpleValue` for balance
2024-06-15T11:58:13.543+03:30 DEBUG 2484 --- [wallet] [           main] o.h.b.model.internal.BasicValueBinder    : Starting `BasicValueBinder#fillSimpleValue` for user_id
2024-06-15T11:58:13.549+03:30 DEBUG 2484 --- [wallet] [           main] org.hibernate.mapping.PrimaryKey         : Forcing column [id] to be non-null as it is part of the primary key for table [transactions]
2024-06-15T11:58:13.550+03:30 DEBUG 2484 --- [wallet] [           main] org.hibernate.mapping.PrimaryKey         : Forcing column [id] to be non-null as it is part of the primary key for table [wallets]
2024-06-15T11:58:13.798+03:30 DEBUG 2484 --- [wallet] [           main] o.hibernate.internal.SessionFactoryImpl  : Building session factory
2024-06-15T11:58:13.919+03:30 DEBUG 2484 --- [wallet] [           main] .h.s.i.SessionFactoryServiceRegistryImpl : EventListenerRegistry access via ServiceRegistry is deprecated.  Use `sessionFactory.getEventEngine().getListenerRegistry()` instead
[...]
2024-06-15T11:58:29.048+03:30 DEBUG 2484 --- [wallet] [           main] org.springframework.test.context.cache   : Spring test ApplicationContext cache statistics: [DefaultContextCache@23471b2f size = 1, maxSize = 32, parentContextCount = 0, hitCount = 26, missCount = 1, failureCount = 0]
2024-06-15T11:58:29.053+03:30 DEBUG 2484 --- [wallet] [           main] sContextBeforeModesTestExecutionListener : Before test method: class [WalletServiceTests], method [testGetBalance_ValidUserId], class annotated with @DirtiesContext [false] with mode [null], method annotated with @DirtiesContext [false] with mode [null]
2024-06-15T11:58:29.055+03:30 DEBUG 2484 --- [wallet] [           main] org.springframework.test.context.cache   : Spring test ApplicationContext cache statistics: [DefaultContextCache@23471b2f size = 1, maxSize = 32, parentContextCount = 0, hitCount = 27, missCount = 1, failureCount = 0]
2024-06-15T11:58:29.055+03:30 DEBUG 2484 --- [wallet] [           main] org.springframework.test.context.cache   : Spring test ApplicationContext cache statistics: [DefaultContextCache@23471b2f size = 1, maxSize = 32, parentContextCount = 0, hitCount = 28, missCount = 1, failureCount = 0]
2024-06-15T11:58:29.060+03:30 DEBUG 2484 --- [wallet] [           main] org.springframework.test.context.cache   : Spring test ApplicationContext cache statistics: [DefaultContextCache@23471b2f size = 1, maxSize = 32, parentContextCount = 0, hitCount = 29, missCount = 1, failureCount = 0]
2024-06-15T11:58:29.062+03:30 DEBUG 2484 --- [wallet] [           main] c.sample.wallet.business.WalletService   : the balance for this user 1 is 4000 .
2024-06-15T11:58:29.065+03:30 DEBUG 2484 --- [wallet] [           main] org.springframework.test.context.cache   : Spring test ApplicationContext cache statistics: [DefaultContextCache@23471b2f size = 1, maxSize = 32, parentContextCount = 0, hitCount = 30, missCount = 1, failureCount = 0]
2024-06-15T11:58:29.066+03:30 DEBUG 2484 --- [wallet] [           main] org.springframework.test.context.cache   : Spring test ApplicationContext cache statistics: [DefaultContextCache@23471b2f size = 1, maxSize = 32, parentContextCount = 0, hitCount = 31, missCount = 1, failureCount = 0]
2024-06-15T11:58:29.067+03:30 DEBUG 2484 --- [wallet] [           main] org.springframework.test.context.cache   : Spring test ApplicationContext cache statistics: [DefaultContextCache@23471b2f size = 1, maxSize = 32, parentContextCount = 0, hitCount = 32, missCount = 1, failureCount = 0]
2024-06-15T11:58:29.067+03:30 DEBUG 2484 --- [wallet] [           main] org.springframework.test.context.cache   : Spring test ApplicationContext cache statistics: [DefaultContextCache@23471b2f size = 1, maxSize = 32, parentContextCount = 0, hitCount = 33, missCount = 1, failureCount = 0]
2024-06-15T11:58:29.069+03:30 DEBUG 2484 --- [wallet] [           main] org.springframework.test.context.cache   : Spring test ApplicationContext cache statistics: [DefaultContextCache@23471b2f size = 1, maxSize = 32, parentContextCount = 0, hitCount = 34, missCount = 1, failureCount = 0]
2024-06-15T11:58:29.074+03:30 DEBUG 2484 --- [wallet] [           main] org.springframework.test.context.cache   : Spring test ApplicationContext cache statistics: [DefaultContextCache@23471b2f size = 1, maxSize = 32, parentContextCount = 0, hitCount = 35, missCount = 1, failureCount = 0]
2024-06-15T11:58:29.075+03:30 DEBUG 2484 --- [wallet] [           main] .c.s.DirtiesContextTestExecutionListener : After test method: class [WalletServiceTests], method [testGetBalance_ValidUserId], class annotated with @DirtiesContext [false] with mode [null], method annotated with @DirtiesContext [false] with mode [null]
2024-06-15T11:58:29.076+03:30 DEBUG 2484 --- [wallet] [           main] o.s.t.c.w.ServletTestExecutionListener   : Resetting RequestContextHolder for test class com.sample.wallet.WalletServiceTests
]]></system-out>
  </testcase>
  <testcase name="testAddMoney_ValidUserIdNegativeAmount" classname="com.sample.wallet.WalletServiceTests" time="0.035">
    <system-out><![CDATA[2024-06-15T11:58:29.078+03:30 DEBUG 2484 --- [wallet] [           main] org.springframework.test.context.cache   : Spring test ApplicationContext cache statistics: [DefaultContextCache@23471b2f size = 1, maxSize = 32, parentContextCount = 0, hitCount = 36, missCount = 1, failureCount = 0]
2024-06-15T11:58:29.079+03:30 DEBUG 2484 --- [wallet] [           main] o.s.t.c.w.ServletTestExecutionListener   : Setting up MockHttpServletRequest, MockHttpServletResponse, ServletWebRequest, and RequestContextHolder for test class com.sample.wallet.WalletServiceTests
2024-06-15T11:58:29.088+03:30 DEBUG 2484 --- [wallet] [           main] DependencyInjectionTestExecutionListener : Performing dependency injection for test class com.sample.wallet.WalletServiceTests
2024-06-15T11:58:29.088+03:30 DEBUG 2484 --- [wallet] [           main] org.springframework.test.context.cache   : Spring test ApplicationContext cache statistics: [DefaultContextCache@23471b2f size = 1, maxSize = 32, parentContextCount = 0, hitCount = 37, missCount = 1, failureCount = 0]
2024-06-15T11:58:29.089+03:30 DEBUG 2484 --- [wallet] [           main] org.springframework.test.context.cache   : Spring test ApplicationContext cache statistics: [DefaultContextCache@23471b2f size = 1, maxSize = 32, parentContextCount = 0, hitCount = 38, missCount = 1, failureCount = 0]
2024-06-15T11:58:29.093+03:30 DEBUG 2484 --- [wallet] [           main] sContextBeforeModesTestExecutionListener : Before test method: class [WalletServiceTests], method [testAddMoney_ValidUserIdNegativeAmount], class annotated with @DirtiesContext [false] with mode [null], method annotated with @DirtiesContext [false] with mode [null]
2024-06-15T11:58:29.094+03:30 DEBUG 2484 --- [wallet] [           main] org.springframework.test.context.cache   : Spring test ApplicationContext cache statistics: [DefaultContextCache@23471b2f size = 1, maxSize = 32, parentContextCount = 0, hitCount = 39, missCount = 1, failureCount = 0]
2024-06-15T11:58:29.095+03:30 DEBUG 2484 --- [wallet] [           main] org.springframework.test.context.cache   : Spring test ApplicationContext cache statistics: [DefaultContextCache@23471b2f size = 1, maxSize = 32, parentContextCount = 0, hitCount = 40, missCount = 1, failureCount = 0]
2024-06-15T11:58:29.100+03:30 DEBUG 2484 --- [wallet] [           main] org.springframework.test.context.cache   : Spring test ApplicationContext cache statistics: [DefaultContextCache@23471b2f size = 1, maxSize = 32, parentContextCount = 0, hitCount = 41, missCount = 1, failureCount = 0]
2024-06-15T11:58:29.103+03:30 DEBUG 2484 --- [wallet] [           main] c.sample.wallet.business.WalletService   : the wallet for this user 1 is Wallet(id=1, user_id=1, balance=4000) .
2024-06-15T11:58:29.104+03:30 DEBUG 2484 --- [wallet] [           main] c.sample.wallet.business.WalletService   : the created transaction is Transaction(id=12312312312, walletId=1, amount=500, timestamp=2024-06-15T11:58:29.099694900) .
2024-06-15T11:58:29.114+03:30 DEBUG 2484 --- [wallet] [           main] org.springframework.test.context.cache   : Spring test ApplicationContext cache statistics: [DefaultContextCache@23471b2f size = 1, maxSize = 32, parentContextCount = 0, hitCount = 42, missCount = 1, failureCount = 0]
2024-06-15T11:58:29.116+03:30 DEBUG 2484 --- [wallet] [           main] org.springframework.test.context.cache   : Spring test ApplicationContext cache statistics: [DefaultContextCache@23471b2f size = 1, maxSize = 32, parentContextCount = 0, hitCount = 43, missCount = 1, failureCount = 0]
2024-06-15T11:58:29.117+03:30 DEBUG 2484 --- [wallet] [           main] org.springframework.test.context.cache   : Spring test ApplicationContext cache statistics: [DefaultContextCache@23471b2f size = 1, maxSize = 32, parentContextCount = 0, hitCount = 44, missCount = 1, failureCount = 0]
2024-06-15T11:58:29.118+03:30 DEBUG 2484 --- [wallet] [           main] org.springframework.test.context.cache   : Spring test ApplicationContext cache statistics: [DefaultContextCache@23471b2f size = 1, maxSize = 32, parentContextCount = 0, hitCount = 45, missCount = 1, failureCount = 0]
2024-06-15T11:58:29.120+03:30 DEBUG 2484 --- [wallet] [           main] org.springframework.test.context.cache   : Spring test ApplicationContext cache statistics: [DefaultContextCache@23471b2f size = 1, maxSize = 32, parentContextCount = 0, hitCount = 46, missCount = 1, failureCount = 0]
2024-06-15T11:58:29.123+03:30 DEBUG 2484 --- [wallet] [           main] org.springframework.test.context.cache   : Spring test ApplicationContext cache statistics: [DefaultContextCache@23471b2f size = 1, maxSize = 32, parentContextCount = 0, hitCount = 47, missCount = 1, failureCount = 0]
2024-06-15T11:58:29.125+03:30 DEBUG 2484 --- [wallet] [           main] .c.s.DirtiesContextTestExecutionListener : After test method: class [WalletServiceTests], method [testAddMoney_ValidUserIdNegativeAmount], class annotated with @DirtiesContext [false] with mode [null], method annotated with @DirtiesContext [false] with mode [null]
2024-06-15T11:58:29.125+03:30 DEBUG 2484 --- [wallet] [           main] o.s.t.c.w.ServletTestExecutionListener   : Resetting RequestContextHolder for test class com.sample.wallet.WalletServiceTests
]]></system-out>
  </testcase>
  <testcase name="testAddMoney_InvalidUserId" classname="com.sample.wallet.WalletServiceTests" time="0.022">
    <system-out><![CDATA[2024-06-15T11:58:29.128+03:30 DEBUG 2484 --- [wallet] [           main] org.springframework.test.context.cache   : Spring test ApplicationContext cache statistics: [DefaultContextCache@23471b2f size = 1, maxSize = 32, parentContextCount = 0, hitCount = 48, missCount = 1, failureCount = 0]
2024-06-15T11:58:29.129+03:30 DEBUG 2484 --- [wallet] [           main] o.s.t.c.w.ServletTestExecutionListener   : Setting up MockHttpServletRequest, MockHttpServletResponse, ServletWebRequest, and RequestContextHolder for test class com.sample.wallet.WalletServiceTests
2024-06-15T11:58:29.136+03:30 DEBUG 2484 --- [wallet] [           main] DependencyInjectionTestExecutionListener : Performing dependency injection for test class com.sample.wallet.WalletServiceTests
2024-06-15T11:58:29.137+03:30 DEBUG 2484 --- [wallet] [           main] org.springframework.test.context.cache   : Spring test ApplicationContext cache statistics: [DefaultContextCache@23471b2f size = 1, maxSize = 32, parentContextCount = 0, hitCount = 49, missCount = 1, failureCount = 0]
2024-06-15T11:58:29.138+03:30 DEBUG 2484 --- [wallet] [           main] org.springframework.test.context.cache   : Spring test ApplicationContext cache statistics: [DefaultContextCache@23471b2f size = 1, maxSize = 32, parentContextCount = 0, hitCount = 50, missCount = 1, failureCount = 0]
2024-06-15T11:58:29.145+03:30 DEBUG 2484 --- [wallet] [           main] sContextBeforeModesTestExecutionListener : Before test method: class [WalletServiceTests], method [testAddMoney_InvalidUserId], class annotated with @DirtiesContext [false] with mode [null], method annotated with @DirtiesContext [false] with mode [null]
2024-06-15T11:58:29.146+03:30 DEBUG 2484 --- [wallet] [           main] org.springframework.test.context.cache   : Spring test ApplicationContext cache statistics: [DefaultContextCache@23471b2f size = 1, maxSize = 32, parentContextCount = 0, hitCount = 51, missCount = 1, failureCount = 0]
2024-06-15T11:58:29.146+03:30 DEBUG 2484 --- [wallet] [           main] org.springframework.test.context.cache   : Spring test ApplicationContext cache statistics: [DefaultContextCache@23471b2f size = 1, maxSize = 32, parentContextCount = 0, hitCount = 52, missCount = 1, failureCount = 0]
2024-06-15T11:58:29.150+03:30 DEBUG 2484 --- [wallet] [           main] org.springframework.test.context.cache   : Spring test ApplicationContext cache statistics: [DefaultContextCache@23471b2f size = 1, maxSize = 32, parentContextCount = 0, hitCount = 53, missCount = 1, failureCount = 0]
2024-06-15T11:58:29.152+03:30 DEBUG 2484 --- [wallet] [           main] c.sample.wallet.business.WalletService   : the wallet for this user 1 is null .
2024-06-15T11:58:29.153+03:30 DEBUG 2484 --- [wallet] [           main] org.springframework.test.context.cache   : Spring test ApplicationContext cache statistics: [DefaultContextCache@23471b2f size = 1, maxSize = 32, parentContextCount = 0, hitCount = 54, missCount = 1, failureCount = 0]
2024-06-15T11:58:29.154+03:30 DEBUG 2484 --- [wallet] [           main] org.springframework.test.context.cache   : Spring test ApplicationContext cache statistics: [DefaultContextCache@23471b2f size = 1, maxSize = 32, parentContextCount = 0, hitCount = 55, missCount = 1, failureCount = 0]
2024-06-15T11:58:29.155+03:30 DEBUG 2484 --- [wallet] [           main] org.springframework.test.context.cache   : Spring test ApplicationContext cache statistics: [DefaultContextCache@23471b2f size = 1, maxSize = 32, parentContextCount = 0, hitCount = 56, missCount = 1, failureCount = 0]
2024-06-15T11:58:29.155+03:30 DEBUG 2484 --- [wallet] [           main] org.springframework.test.context.cache   : Spring test ApplicationContext cache statistics: [DefaultContextCache@23471b2f size = 1, maxSize = 32, parentContextCount = 0, hitCount = 57, missCount = 1, failureCount = 0]
2024-06-15T11:58:29.157+03:30 DEBUG 2484 --- [wallet] [           main] org.springframework.test.context.cache   : Spring test ApplicationContext cache statistics: [DefaultContextCache@23471b2f size = 1, maxSize = 32, parentContextCount = 0, hitCount = 58, missCount = 1, failureCount = 0]
2024-06-15T11:58:29.160+03:30 DEBUG 2484 --- [wallet] [           main] org.springframework.test.context.cache   : Spring test ApplicationContext cache statistics: [DefaultContextCache@23471b2f size = 1, maxSize = 32, parentContextCount = 0, hitCount = 59, missCount = 1, failureCount = 0]
2024-06-15T11:58:29.161+03:30 DEBUG 2484 --- [wallet] [           main] .c.s.DirtiesContextTestExecutionListener : After test method: class [WalletServiceTests], method [testAddMoney_InvalidUserId], class annotated with @DirtiesContext [false] with mode [null], method annotated with @DirtiesContext [false] with mode [null]
2024-06-15T11:58:29.161+03:30 DEBUG 2484 --- [wallet] [           main] o.s.t.c.w.ServletTestExecutionListener   : Resetting RequestContextHolder for test class com.sample.wallet.WalletServiceTests
]]></system-out>
  </testcase>
  <testcase name="testAddMoney_ValidUserIdPositiveAmount" classname="com.sample.wallet.WalletServiceTests" time="0.033">
    <system-out><![CDATA[2024-06-15T11:58:29.168+03:30 DEBUG 2484 --- [wallet] [           main] org.springframework.test.context.cache   : Spring test ApplicationContext cache statistics: [DefaultContextCache@23471b2f size = 1, maxSize = 32, parentContextCount = 0, hitCount = 60, missCount = 1, failureCount = 0]
2024-06-15T11:58:29.169+03:30 DEBUG 2484 --- [wallet] [           main] o.s.t.c.w.ServletTestExecutionListener   : Setting up MockHttpServletRequest, MockHttpServletResponse, ServletWebRequest, and RequestContextHolder for test class com.sample.wallet.WalletServiceTests
2024-06-15T11:58:29.176+03:30 DEBUG 2484 --- [wallet] [           main] DependencyInjectionTestExecutionListener : Performing dependency injection for test class com.sample.wallet.WalletServiceTests
2024-06-15T11:58:29.177+03:30 DEBUG 2484 --- [wallet] [           main] org.springframework.test.context.cache   : Spring test ApplicationContext cache statistics: [DefaultContextCache@23471b2f size = 1, maxSize = 32, parentContextCount = 0, hitCount = 61, missCount = 1, failureCount = 0]
2024-06-15T11:58:29.177+03:30 DEBUG 2484 --- [wallet] [           main] org.springframework.test.context.cache   : Spring test ApplicationContext cache statistics: [DefaultContextCache@23471b2f size = 1, maxSize = 32, parentContextCount = 0, hitCount = 62, missCount = 1, failureCount = 0]
2024-06-15T11:58:29.188+03:30 DEBUG 2484 --- [wallet] [           main] sContextBeforeModesTestExecutionListener : Before test method: class [WalletServiceTests], method [testAddMoney_ValidUserIdPositiveAmount], class annotated with @DirtiesContext [false] with mode [null], method annotated with @DirtiesContext [false] with mode [null]
2024-06-15T11:58:29.190+03:30 DEBUG 2484 --- [wallet] [           main] org.springframework.test.context.cache   : Spring test ApplicationContext cache statistics: [DefaultContextCache@23471b2f size = 1, maxSize = 32, parentContextCount = 0, hitCount = 63, missCount = 1, failureCount = 0]
2024-06-15T11:58:29.191+03:30 DEBUG 2484 --- [wallet] [           main] org.springframework.test.context.cache   : Spring test ApplicationContext cache statistics: [DefaultContextCache@23471b2f size = 1, maxSize = 32, parentContextCount = 0, hitCount = 64, missCount = 1, failureCount = 0]
2024-06-15T11:58:29.198+03:30 DEBUG 2484 --- [wallet] [           main] org.springframework.test.context.cache   : Spring test ApplicationContext cache statistics: [DefaultContextCache@23471b2f size = 1, maxSize = 32, parentContextCount = 0, hitCount = 65, missCount = 1, failureCount = 0]
2024-06-15T11:58:29.201+03:30 DEBUG 2484 --- [wallet] [           main] c.sample.wallet.business.WalletService   : the wallet for this user 1 is Wallet(id=1, user_id=1, balance=4000) .
2024-06-15T11:58:29.202+03:30 DEBUG 2484 --- [wallet] [           main] c.sample.wallet.business.WalletService   : the created transaction is Transaction(id=12312312312, walletId=1, amount=500, timestamp=2024-06-15T11:58:29.196690100) .
2024-06-15T11:58:29.203+03:30 DEBUG 2484 --- [wallet] [           main] org.springframework.test.context.cache   : Spring test ApplicationContext cache statistics: [DefaultContextCache@23471b2f size = 1, maxSize = 32, parentContextCount = 0, hitCount = 66, missCount = 1, failureCount = 0]
2024-06-15T11:58:29.204+03:30 DEBUG 2484 --- [wallet] [           main] org.springframework.test.context.cache   : Spring test ApplicationContext cache statistics: [DefaultContextCache@23471b2f size = 1, maxSize = 32, parentContextCount = 0, hitCount = 67, missCount = 1, failureCount = 0]
2024-06-15T11:58:29.205+03:30 DEBUG 2484 --- [wallet] [           main] org.springframework.test.context.cache   : Spring test ApplicationContext cache statistics: [DefaultContextCache@23471b2f size = 1, maxSize = 32, parentContextCount = 0, hitCount = 68, missCount = 1, failureCount = 0]
2024-06-15T11:58:29.205+03:30 DEBUG 2484 --- [wallet] [           main] org.springframework.test.context.cache   : Spring test ApplicationContext cache statistics: [DefaultContextCache@23471b2f size = 1, maxSize = 32, parentContextCount = 0, hitCount = 69, missCount = 1, failureCount = 0]
2024-06-15T11:58:29.207+03:30 DEBUG 2484 --- [wallet] [           main] org.springframework.test.context.cache   : Spring test ApplicationContext cache statistics: [DefaultContextCache@23471b2f size = 1, maxSize = 32, parentContextCount = 0, hitCount = 70, missCount = 1, failureCount = 0]
2024-06-15T11:58:29.210+03:30 DEBUG 2484 --- [wallet] [           main] org.springframework.test.context.cache   : Spring test ApplicationContext cache statistics: [DefaultContextCache@23471b2f size = 1, maxSize = 32, parentContextCount = 0, hitCount = 71, missCount = 1, failureCount = 0]
2024-06-15T11:58:29.211+03:30 DEBUG 2484 --- [wallet] [           main] .c.s.DirtiesContextTestExecutionListener : After test method: class [WalletServiceTests], method [testAddMoney_ValidUserIdPositiveAmount], class annotated with @DirtiesContext [false] with mode [null], method annotated with @DirtiesContext [false] with mode [null]
2024-06-15T11:58:29.211+03:30 DEBUG 2484 --- [wallet] [           main] o.s.t.c.w.ServletTestExecutionListener   : Resetting RequestContextHolder for test class com.sample.wallet.WalletServiceTests
]]></system-out>
  </testcase>
</testsuite>